2025-11-04 09:11:44 [main] INFO  c.f.m.m.MsAccountSe181513Application - Starting MsAccountSe181513Application using Java 21.0.7 with PID 59968 (/mnt/26a0de97-0abd-45e1-b610-129d3045f430/project/FPTU/MSS301/PE/pe/services/MSAccount_SE181513/target/classes started by lcaohoanq in /mnt/26a0de97-0abd-45e1-b610-129d3045f430/project/FPTU/MSS301/PE/pe)
2025-11-04 09:11:44 [main] DEBUG c.f.m.m.MsAccountSe181513Application - Running with Spring Boot v3.4.10, Spring v6.2.11
2025-11-04 09:11:44 [main] INFO  c.f.m.m.MsAccountSe181513Application - The following 1 profile is active: "test"
2025-11-04 09:11:50 [main] INFO  c.f.m.m.MsAccountSe181513Application - Started MsAccountSe181513Application in 7.364 seconds (process running for 8.604)
2025-11-04 09:21:29 [main] INFO  c.f.m.m.MsAccountSe181513Application - Starting MsAccountSe181513Application using Java 21.0.7 with PID 71905 (/mnt/26a0de97-0abd-45e1-b610-129d3045f430/project/FPTU/MSS301/PE/pe/services/MSAccount_SE181513/target/classes started by lcaohoanq in /mnt/26a0de97-0abd-45e1-b610-129d3045f430/project/FPTU/MSS301/PE/pe)
2025-11-04 09:21:29 [main] DEBUG c.f.m.m.MsAccountSe181513Application - Running with Spring Boot v3.4.10, Spring v6.2.11
2025-11-04 09:21:29 [main] INFO  c.f.m.m.MsAccountSe181513Application - The following 1 profile is active: "test"
2025-11-04 09:21:35 [main] INFO  c.f.m.m.MsAccountSe181513Application - Started MsAccountSe181513Application in 6.545 seconds (process running for 7.858)
2025-11-04 09:25:29 [main] INFO  c.f.m.m.MsAccountSe181513Application - Starting MsAccountSe181513Application using Java 21.0.7 with PID 76495 (/mnt/26a0de97-0abd-45e1-b610-129d3045f430/project/FPTU/MSS301/PE/pe/services/MSAccount_SE181513/target/classes started by lcaohoanq in /mnt/26a0de97-0abd-45e1-b610-129d3045f430/project/FPTU/MSS301/PE/pe)
2025-11-04 09:25:29 [main] DEBUG c.f.m.m.MsAccountSe181513Application - Running with Spring Boot v3.4.10, Spring v6.2.11
2025-11-04 09:25:29 [main] INFO  c.f.m.m.MsAccountSe181513Application - The following 1 profile is active: "test"
2025-11-04 09:25:34 [main] INFO  c.f.m.m.MsAccountSe181513Application - Started MsAccountSe181513Application in 5.345 seconds (process running for 6.64)
2025-11-04 09:25:40 [main] INFO  c.f.m.m.MsAccountSe181513Application - Starting MsAccountSe181513Application using Java 21.0.7 with PID 76964 (/mnt/26a0de97-0abd-45e1-b610-129d3045f430/project/FPTU/MSS301/PE/pe/services/MSAccount_SE181513/target/classes started by lcaohoanq in /mnt/26a0de97-0abd-45e1-b610-129d3045f430/project/FPTU/MSS301/PE/pe)
2025-11-04 09:25:40 [main] DEBUG c.f.m.m.MsAccountSe181513Application - Running with Spring Boot v3.4.10, Spring v6.2.11
2025-11-04 09:25:40 [main] INFO  c.f.m.m.MsAccountSe181513Application - The following 1 profile is active: "test"
2025-11-04 09:26:25 [http-nio-4007-exec-4] INFO  c.f.m.m.domain.auth.AuthController - Login attempt for user: admin@blindboxes.vn
2025-11-04 09:26:25 [http-nio-4007-exec-4] INFO  c.f.m.m.domain.auth.AuthServiceImpl - 🔐 Starting login process for user: admin@blindboxes.vn
2025-11-04 09:26:35 [http-nio-4007-exec-3] INFO  c.f.m.m.domain.auth.AuthController - Login attempt for user: john@blindboxes.vn
2025-11-04 09:26:35 [http-nio-4007-exec-3] INFO  c.f.m.m.domain.auth.AuthServiceImpl - 🔐 Starting login process for user: john@blindboxes.vn
2025-11-04 09:28:36 [http-nio-4007-exec-6] INFO  c.f.m.m.domain.auth.AuthController - Login attempt for user: admin@blindboxes.vn
2025-11-04 09:28:36 [http-nio-4007-exec-6] INFO  c.f.m.m.domain.auth.AuthServiceImpl - 🔐 Starting login process for user: admin@blindboxes.vn
2025-11-04 09:32:53 [http-nio-4007-exec-8] INFO  c.f.m.m.domain.auth.AuthController - Login attempt for user: admin@blindboxes.vn
2025-11-04 09:32:53 [http-nio-4007-exec-8] INFO  c.f.m.m.domain.auth.AuthServiceImpl - 🔐 Starting login process for user: admin@blindboxes.vn
2025-11-04 09:33:59 [main] INFO  c.f.m.m.MsAccountSe181513Application - Starting MsAccountSe181513Application using Java 21.0.7 with PID 87367 (/mnt/26a0de97-0abd-45e1-b610-129d3045f430/project/FPTU/MSS301/PE/pe/services/MSAccount_SE181513/target/classes started by lcaohoanq in /mnt/26a0de97-0abd-45e1-b610-129d3045f430/project/FPTU/MSS301/PE/pe)
2025-11-04 09:33:59 [main] DEBUG c.f.m.m.MsAccountSe181513Application - Running with Spring Boot v3.4.10, Spring v6.2.11
2025-11-04 09:33:59 [main] INFO  c.f.m.m.MsAccountSe181513Application - The following 1 profile is active: "test"
2025-11-04 09:34:05 [main] INFO  c.f.m.m.MsAccountSe181513Application - Started MsAccountSe181513Application in 7.11 seconds (process running for 8.584)
2025-11-04 09:34:21 [http-nio-4007-exec-1] INFO  c.f.m.m.domain.auth.AuthController - Login attempt for user: admin@blindboxes.vn
2025-11-04 09:34:21 [http-nio-4007-exec-1] INFO  c.f.m.m.domain.auth.AuthServiceImpl - 🔐 Starting login process for user: admin@blindboxes.vn
2025-11-04 09:48:13 [http-nio-4007-exec-3] INFO  c.f.m.m.domain.auth.AuthController - Login attempt for user: admin@blindboxes.vn
2025-11-04 09:48:13 [http-nio-4007-exec-3] INFO  c.f.m.m.domain.auth.AuthServiceImpl - 🔐 Starting login process for user: admin@blindboxes.vn
2025-11-04 09:48:45 [http-nio-4007-exec-4] INFO  c.f.m.m.domain.auth.AuthController - Login attempt for user: admin@blindboxes.vn
2025-11-04 09:48:45 [http-nio-4007-exec-4] INFO  c.f.m.m.domain.auth.AuthServiceImpl - 🔐 Starting login process for user: admin@blindboxes.vn
2025-11-04 09:49:26 [http-nio-4007-exec-6] INFO  c.f.m.m.domain.auth.AuthController - Login attempt for user: admin@blindboxes.vn
2025-11-04 09:49:26 [http-nio-4007-exec-6] INFO  c.f.m.m.domain.auth.AuthServiceImpl - 🔐 Starting login process for user: admin@blindboxes.vn
2025-11-04 09:50:06 [main] INFO  c.f.m.m.MsAccountSe181513Application - Starting MsAccountSe181513Application using Java 21.0.7 with PID 106374 (/mnt/26a0de97-0abd-45e1-b610-129d3045f430/project/FPTU/MSS301/PE/pe/services/MSAccount_SE181513/target/classes started by lcaohoanq in /mnt/26a0de97-0abd-45e1-b610-129d3045f430/project/FPTU/MSS301/PE/pe)
2025-11-04 09:50:06 [main] DEBUG c.f.m.m.MsAccountSe181513Application - Running with Spring Boot v3.4.10, Spring v6.2.11
2025-11-04 09:50:06 [main] INFO  c.f.m.m.MsAccountSe181513Application - The following 1 profile is active: "test"
2025-11-04 09:50:12 [main] INFO  c.f.m.m.MsAccountSe181513Application - Started MsAccountSe181513Application in 6.388 seconds (process running for 7.455)
2025-11-04 09:50:31 [http-nio-4007-exec-1] INFO  c.f.m.m.domain.auth.AuthController - Login attempt for user: admin@blindboxes.vn
2025-11-04 09:50:31 [http-nio-4007-exec-1] INFO  c.f.m.m.domain.auth.AuthServiceImpl - 🔐 Starting login process for user: admin@blindboxes.vn
2025-11-04 09:50:32 [http-nio-4007-exec-2] INFO  c.f.m.m.domain.auth.AuthController - Login attempt for user: admin@blindboxes.vn
2025-11-04 09:50:32 [http-nio-4007-exec-2] INFO  c.f.m.m.domain.auth.AuthServiceImpl - 🔐 Starting login process for user: admin@blindboxes.vn
2025-11-04 09:50:33 [http-nio-4007-exec-3] INFO  c.f.m.m.domain.auth.AuthController - Login attempt for user: admin@blindboxes.vn
2025-11-04 09:50:33 [http-nio-4007-exec-3] INFO  c.f.m.m.domain.auth.AuthServiceImpl - 🔐 Starting login process for user: admin@blindboxes.vn
2025-11-04 09:51:14 [http-nio-4007-exec-5] INFO  c.f.m.m.domain.auth.AuthController - Login attempt for user: admin@blindboxes.vn
2025-11-04 09:51:14 [http-nio-4007-exec-5] INFO  c.f.m.m.domain.auth.AuthServiceImpl - 🔐 Starting login process for user: admin@blindboxes.vn
2025-11-04 09:51:15 [http-nio-4007-exec-6] INFO  c.f.m.m.domain.auth.AuthController - Login attempt for user: admin@blindboxes.vn
2025-11-04 09:51:15 [http-nio-4007-exec-6] INFO  c.f.m.m.domain.auth.AuthServiceImpl - 🔐 Starting login process for user: admin@blindboxes.vn
2025-11-04 09:53:37 [main] INFO  c.f.m.m.MsAccountSe181513Application - Starting MsAccountSe181513Application using Java 21.0.7 with PID 111017 (/mnt/26a0de97-0abd-45e1-b610-129d3045f430/project/FPTU/MSS301/PE/pe/services/MSAccount_SE181513/target/classes started by lcaohoanq in /mnt/26a0de97-0abd-45e1-b610-129d3045f430/project/FPTU/MSS301/PE/pe)
2025-11-04 09:53:37 [main] DEBUG c.f.m.m.MsAccountSe181513Application - Running with Spring Boot v3.4.10, Spring v6.2.11
2025-11-04 09:53:37 [main] INFO  c.f.m.m.MsAccountSe181513Application - The following 1 profile is active: "test"
2025-11-04 09:53:42 [main] INFO  c.f.m.m.MsAccountSe181513Application - Started MsAccountSe181513Application in 5.587 seconds (process running for 6.503)
2025-11-04 09:54:51 [http-nio-4007-exec-1] INFO  c.f.m.m.domain.auth.AuthController - Login attempt for user: admin@blindboxes.vn
2025-11-04 09:54:51 [http-nio-4007-exec-1] INFO  c.f.m.m.domain.auth.AuthServiceImpl - 🔐 Starting login process for user: admin@blindboxes.vn
2025-11-04 10:04:14 [main] INFO  c.f.m.m.MsAccountSe181513Application - Starting MsAccountSe181513Application using Java 21.0.7 with PID 122677 (/mnt/26a0de97-0abd-45e1-b610-129d3045f430/project/FPTU/MSS301/PE/pe/services/MSAccount_SE181513/target/classes started by lcaohoanq in /mnt/26a0de97-0abd-45e1-b610-129d3045f430/project/FPTU/MSS301/PE/pe)
2025-11-04 10:04:14 [main] DEBUG c.f.m.m.MsAccountSe181513Application - Running with Spring Boot v3.4.10, Spring v6.2.11
2025-11-04 10:04:14 [main] INFO  c.f.m.m.MsAccountSe181513Application - The following 1 profile is active: "test"
2025-11-04 10:04:19 [main] INFO  c.f.m.m.MsAccountSe181513Application - Started MsAccountSe181513Application in 5.037 seconds (process running for 6.01)
2025-11-04 10:07:05 [main] INFO  c.f.m.m.MsAccountSe181513Application - Starting MsAccountSe181513Application using Java 21.0.7 with PID 126576 (/mnt/26a0de97-0abd-45e1-b610-129d3045f430/project/FPTU/MSS301/PE/pe/services/MSAccount_SE181513/target/classes started by lcaohoanq in /mnt/26a0de97-0abd-45e1-b610-129d3045f430/project/FPTU/MSS301/PE/pe)
2025-11-04 10:07:05 [main] DEBUG c.f.m.m.MsAccountSe181513Application - Running with Spring Boot v3.4.10, Spring v6.2.11
2025-11-04 10:07:05 [main] INFO  c.f.m.m.MsAccountSe181513Application - The following 1 profile is active: "test"
2025-11-04 10:07:11 [main] INFO  c.f.m.m.MsAccountSe181513Application - Started MsAccountSe181513Application in 6.198 seconds (process running for 7.205)
2025-11-04 10:08:25 [http-nio-4007-exec-1] INFO  c.f.m.m.domain.auth.AuthController - Login attempt for user: john@blindboxes.vn
2025-11-04 10:08:25 [http-nio-4007-exec-1] INFO  c.f.m.m.domain.auth.AuthServiceImpl - 🔐 Starting login process for user: john@blindboxes.vn
2025-11-04 10:09:52 [http-nio-4007-exec-3] INFO  c.f.m.m.domain.auth.AuthController - Login attempt for user: michel@blindboxes.vn
2025-11-04 10:09:52 [http-nio-4007-exec-3] INFO  c.f.m.m.domain.auth.AuthServiceImpl - 🔐 Starting login process for user: michel@blindboxes.vn
2025-11-04 10:11:10 [http-nio-4007-exec-5] INFO  c.f.m.m.domain.auth.AuthController - Login attempt for user: john@blindboxes.vn
2025-11-04 10:11:10 [http-nio-4007-exec-5] INFO  c.f.m.m.domain.auth.AuthServiceImpl - 🔐 Starting login process for user: john@blindboxes.vn
2025-11-04 10:11:14 [http-nio-4007-exec-6] INFO  c.f.m.m.domain.auth.AuthController - Login attempt for user: john@blindboxes.vn
2025-11-04 10:11:14 [http-nio-4007-exec-6] INFO  c.f.m.m.domain.auth.AuthServiceImpl - 🔐 Starting login process for user: john@blindboxes.vn
