2025-06-20 08:06:11.207 [main] INFO  com.orchid.orchidbe.App - - Starting App using Java 21.0.6 with PID 5852 (C:\Users\Admin\Documents\fptu\FPTU\SBA301\orchidbe\target\classes started by Admin in C:\Users\Admin\Documents\fptu\FPTU\SBA301\orchidbe)
2025-06-20 08:06:11.208 [main] DEBUG com.orchid.orchidbe.App - - Running with Spring Boot v3.5.0, Spring v6.2.7
2025-06-20 08:06:11.208 [main] INFO  com.orchid.orchidbe.App - - The following 1 profile is active: "mongo"
2025-06-20 08:06:20.017 [main] WARN  o.a.c.loader.WebappClassLoaderBase - - The web application [ROOT] appears to have started a thread named [BufferPoolPruner-1-thread-1] but has failed to stop it. This is very likely to create a memory leak. Stack trace of thread:
 java.base/jdk.internal.misc.Unsafe.park(Native Method)
 java.base/java.util.concurrent.locks.LockSupport.parkNanos(LockSupport.java:269)
 java.base/java.util.concurrent.locks.AbstractQueuedSynchronizer$ConditionObject.awaitNanos(AbstractQueuedSynchronizer.java:1763)
 java.base/java.util.concurrent.ScheduledThreadPoolExecutor$DelayedWorkQueue.take(ScheduledThreadPoolExecutor.java:1182)
 java.base/java.util.concurrent.ScheduledThreadPoolExecutor$DelayedWorkQueue.take(ScheduledThreadPoolExecutor.java:899)
 java.base/java.util.concurrent.ThreadPoolExecutor.getTask(ThreadPoolExecutor.java:1070)
 java.base/java.util.concurrent.ThreadPoolExecutor.runWorker(ThreadPoolExecutor.java:1130)
 java.base/java.util.concurrent.ThreadPoolExecutor$Worker.run(ThreadPoolExecutor.java:642)
 java.base/java.lang.Thread.run(Thread.java:1583)
2025-06-20 08:06:20.017 [main] WARN  o.a.c.loader.WebappClassLoaderBase - - The web application [ROOT] appears to have started a thread named [cluster-ClusterId{value='6854b40b931c8a13eee17ce8', description='Crud'}-srv-crud.u3idzpf.mongodb.net] but has failed to stop it. This is very likely to create a memory leak. Stack trace of thread:
 java.base/java.lang.Thread.sleep0(Native Method)
 java.base/java.lang.Thread.sleep(Thread.java:509)
 com.mongodb.internal.connection.DefaultDnsSrvRecordMonitor$DnsSrvRecordMonitorRunnable.run(DefaultDnsSrvRecordMonitor.java:108)
 java.base/java.lang.Thread.run(Thread.java:1583)
2025-06-20 08:06:20.018 [main] WARN  o.a.c.loader.WebappClassLoaderBase - - The web application [ROOT] appears to have started a thread named [cluster-ClusterId{value='6854b40b931c8a13eee17ce8', description='Crud'}-ac-h9mqxxm-shard-00-02.u3idzpf.mongodb.net:27017] but has failed to stop it. This is very likely to create a memory leak. Stack trace of thread:
 java.base/sun.security.ssl.SSLSocketImpl.<init>(SSLSocketImpl.java:125)
 java.base/sun.security.ssl.SSLSocketFactoryImpl.createSocket(SSLSocketFactoryImpl.java:72)
 com.mongodb.internal.connection.SocketStream.initializeSocket(SocketStream.java:102)
 com.mongodb.internal.connection.SocketStream.open(SocketStream.java:79)
 com.mongodb.internal.connection.InternalStreamConnection.open(InternalStreamConnection.java:233)
 com.mongodb.internal.connection.DefaultServerMonitor$ServerMonitor.lookupServerDescription(DefaultServerMonitor.java:219)
 com.mongodb.internal.connection.DefaultServerMonitor$ServerMonitor.run(DefaultServerMonitor.java:176)
2025-06-20 08:06:20.018 [main] WARN  o.a.c.loader.WebappClassLoaderBase - - The web application [ROOT] appears to have started a thread named [cluster-ClusterId{value='6854b40b931c8a13eee17ce8', description='Crud'}-ac-h9mqxxm-shard-00-00.u3idzpf.mongodb.net:27017] but has failed to stop it. This is very likely to create a memory leak. Stack trace of thread:
 java.base/sun.security.ssl.SSLSocketImpl.<init>(SSLSocketImpl.java:125)
 java.base/sun.security.ssl.SSLSocketFactoryImpl.createSocket(SSLSocketFactoryImpl.java:72)
 com.mongodb.internal.connection.SocketStream.initializeSocket(SocketStream.java:102)
 com.mongodb.internal.connection.SocketStream.open(SocketStream.java:79)
 com.mongodb.internal.connection.InternalStreamConnection.open(InternalStreamConnection.java:233)
 com.mongodb.internal.connection.DefaultServerMonitor$ServerMonitor.lookupServerDescription(DefaultServerMonitor.java:219)
 com.mongodb.internal.connection.DefaultServerMonitor$ServerMonitor.run(DefaultServerMonitor.java:176)
2025-06-20 08:06:20.019 [main] WARN  o.a.c.loader.WebappClassLoaderBase - - The web application [ROOT] appears to have started a thread named [cluster-ClusterId{value='6854b40b931c8a13eee17ce8', description='Crud'}-ac-h9mqxxm-shard-00-01.u3idzpf.mongodb.net:27017] but has failed to stop it. This is very likely to create a memory leak. Stack trace of thread:
 java.base/sun.security.ssl.SSLHandshake.<clinit>(SSLHandshake.java:313)
 java.base/sun.security.ssl.OutputRecord.<clinit>(OutputRecord.java:82)
 java.base/sun.security.ssl.SSLSocketImpl.<init>(SSLSocketImpl.java:125)
 java.base/sun.security.ssl.SSLSocketFactoryImpl.createSocket(SSLSocketFactoryImpl.java:72)
 com.mongodb.internal.connection.SocketStream.initializeSocket(SocketStream.java:102)
 com.mongodb.internal.connection.SocketStream.open(SocketStream.java:79)
 com.mongodb.internal.connection.InternalStreamConnection.open(InternalStreamConnection.java:233)
 com.mongodb.internal.connection.DefaultServerMonitor$ServerMonitor.lookupServerDescription(DefaultServerMonitor.java:219)
 com.mongodb.internal.connection.DefaultServerMonitor$ServerMonitor.run(DefaultServerMonitor.java:176)
2025-06-20 08:06:20.025 [main] WARN  o.s.b.w.s.c.AnnotationConfigServletWebServerApplicationContext - - Exception encountered during context initialization - cancelling refresh attempt: org.springframework.context.ApplicationContextException: Unable to start web server
2025-06-20 08:11:11.680 [main] INFO  com.orchid.orchidbe.App - - Starting App using Java 21.0.6 with PID 13128 (C:\Users\Admin\Documents\fptu\FPTU\SBA301\orchidbe\target\classes started by Admin in C:\Users\Admin\Documents\fptu\FPTU\SBA301\orchidbe)
2025-06-20 08:11:11.681 [main] DEBUG com.orchid.orchidbe.App - - Running with Spring Boot v3.5.0, Spring v6.2.7
2025-06-20 08:11:11.682 [main] INFO  com.orchid.orchidbe.App - - The following 1 profile is active: "mongo"
2025-06-20 08:11:14.274 [main] WARN  o.s.data.convert.CustomConversions - - Registering converter from interface java.util.List to interface org.springframework.data.domain.Vector as reading converter although it doesn't convert from a store-supported type; You might want to check your annotation setup at the converter implementation
2025-06-20 08:11:14.426 [main] WARN  o.s.data.convert.CustomConversions - - Registering converter from interface java.util.List to interface org.springframework.data.domain.Vector as reading converter although it doesn't convert from a store-supported type; You might want to check your annotation setup at the converter implementation
2025-06-20 08:11:14.762 [main] DEBUG c.o.orchidbe.filters.JwtTokenFilter - - Filter 'jwtTokenFilter' configured for use
2025-06-20 08:11:14.997 [main] INFO  o.s.s.c.a.a.c.InitializeAuthenticationProviderBeanManagerConfigurer$InitializeAuthenticationProviderManagerConfigurer - - Global AuthenticationManager configured with AuthenticationProvider bean with name authenticationProvider
2025-06-20 08:11:14.997 [main] WARN  o.s.s.c.a.a.c.InitializeUserDetailsBeanManagerConfigurer$InitializeUserDetailsManagerConfigurer - - Global AuthenticationManager configured with an AuthenticationProvider bean. UserDetailsService beans will not be used by Spring Security for automatically configuring username/password login. Consider removing the AuthenticationProvider bean. Alternatively, consider using the UserDetailsService in a manually instantiated DaoAuthenticationProvider. If the current configuration is intentional, to turn off this warning, increase the logging level of 'org.springframework.security.config.annotation.authentication.configuration.InitializeUserDetailsBeanManagerConfigurer' to ERROR
2025-06-20 08:11:16.161 [main] INFO  com.orchid.orchidbe.App - - Started App in 5.128 seconds (process running for 6.35)
2025-06-20 08:11:17.669 [http-nio-8080-exec-1] INFO  o.s.web.servlet.DispatcherServlet - - Initializing Servlet 'dispatcherServlet'
2025-06-20 08:11:17.672 [http-nio-8080-exec-1] INFO  o.s.web.servlet.DispatcherServlet - - Completed initialization in 1 ms
2025-06-20 08:11:19.525 [http-nio-8080-exec-10] INFO  o.s.api.AbstractOpenApiResource - - Init duration for springdoc-openapi is: 478 ms
2025-06-20 08:52:26.573 [main] INFO  com.orchid.orchidbe.App - - Starting App using Java 21.0.6 with PID 12936 (C:\Users\Admin\Documents\fptu\FPTU\SBA301\orchidbe\target\classes started by Admin in C:\Users\Admin\Documents\fptu\FPTU\SBA301\orchidbe)
2025-06-20 08:52:26.575 [main] DEBUG com.orchid.orchidbe.App - - Running with Spring Boot v3.5.0, Spring v6.2.7
2025-06-20 08:52:26.576 [main] INFO  com.orchid.orchidbe.App - - The following 1 profile is active: "mongo"
2025-06-20 08:52:30.497 [main] WARN  o.s.data.convert.CustomConversions - - Registering converter from interface java.util.List to interface org.springframework.data.domain.Vector as reading converter although it doesn't convert from a store-supported type; You might want to check your annotation setup at the converter implementation
2025-06-20 08:52:30.631 [main] WARN  o.s.data.convert.CustomConversions - - Registering converter from interface java.util.List to interface org.springframework.data.domain.Vector as reading converter although it doesn't convert from a store-supported type; You might want to check your annotation setup at the converter implementation
2025-06-20 08:52:30.962 [main] DEBUG c.o.orchidbe.filters.JwtTokenFilter - - Filter 'jwtTokenFilter' configured for use
2025-06-20 08:52:31.286 [main] INFO  o.s.s.c.a.a.c.InitializeAuthenticationProviderBeanManagerConfigurer$InitializeAuthenticationProviderManagerConfigurer - - Global AuthenticationManager configured with AuthenticationProvider bean with name authenticationProvider
2025-06-20 08:52:31.288 [main] WARN  o.s.s.c.a.a.c.InitializeUserDetailsBeanManagerConfigurer$InitializeUserDetailsManagerConfigurer - - Global AuthenticationManager configured with an AuthenticationProvider bean. UserDetailsService beans will not be used by Spring Security for automatically configuring username/password login. Consider removing the AuthenticationProvider bean. Alternatively, consider using the UserDetailsService in a manually instantiated DaoAuthenticationProvider. If the current configuration is intentional, to turn off this warning, increase the logging level of 'org.springframework.security.config.annotation.authentication.configuration.InitializeUserDetailsBeanManagerConfigurer' to ERROR
2025-06-20 08:52:32.563 [main] INFO  com.orchid.orchidbe.App - - Started App in 6.738 seconds (process running for 8.032)
2025-06-20 08:52:35.422 [http-nio-8080-exec-1] INFO  o.s.web.servlet.DispatcherServlet - - Initializing Servlet 'dispatcherServlet'
2025-06-20 08:52:35.423 [http-nio-8080-exec-1] INFO  o.s.web.servlet.DispatcherServlet - - Completed initialization in 1 ms
2025-06-20 08:52:37.851 [http-nio-8080-exec-10] INFO  o.s.api.AbstractOpenApiResource - - Init duration for springdoc-openapi is: 668 ms
2025-06-20 08:53:55.313 [http-nio-8080-exec-6] INFO  c.o.o.services.AccountServiceImpl - - New user registered successfully
2025-06-20 08:56:23.629 [main] INFO  com.orchid.orchidbe.App - - Starting App using Java 21.0.6 with PID 8412 (C:\Users\Admin\Documents\fptu\FPTU\SBA301\orchidbe\target\classes started by Admin in C:\Users\Admin\Documents\fptu\FPTU\SBA301\orchidbe)
2025-06-20 08:56:23.632 [main] DEBUG com.orchid.orchidbe.App - - Running with Spring Boot v3.5.0, Spring v6.2.7
2025-06-20 08:56:23.633 [main] INFO  com.orchid.orchidbe.App - - The following 1 profile is active: "mongo"
2025-06-20 08:56:26.732 [main] WARN  o.s.data.convert.CustomConversions - - Registering converter from interface java.util.List to interface org.springframework.data.domain.Vector as reading converter although it doesn't convert from a store-supported type; You might want to check your annotation setup at the converter implementation
2025-06-20 08:56:26.901 [main] WARN  o.s.data.convert.CustomConversions - - Registering converter from interface java.util.List to interface org.springframework.data.domain.Vector as reading converter although it doesn't convert from a store-supported type; You might want to check your annotation setup at the converter implementation
2025-06-20 08:56:27.265 [main] DEBUG c.o.orchidbe.filters.JwtTokenFilter - - Filter 'jwtTokenFilter' configured for use
2025-06-20 08:56:27.577 [main] INFO  o.s.s.c.a.a.c.InitializeAuthenticationProviderBeanManagerConfigurer$InitializeAuthenticationProviderManagerConfigurer - - Global AuthenticationManager configured with AuthenticationProvider bean with name authenticationProvider
2025-06-20 08:56:27.577 [main] WARN  o.s.s.c.a.a.c.InitializeUserDetailsBeanManagerConfigurer$InitializeUserDetailsManagerConfigurer - - Global AuthenticationManager configured with an AuthenticationProvider bean. UserDetailsService beans will not be used by Spring Security for automatically configuring username/password login. Consider removing the AuthenticationProvider bean. Alternatively, consider using the UserDetailsService in a manually instantiated DaoAuthenticationProvider. If the current configuration is intentional, to turn off this warning, increase the logging level of 'org.springframework.security.config.annotation.authentication.configuration.InitializeUserDetailsBeanManagerConfigurer' to ERROR
2025-06-20 08:56:28.791 [main] WARN  o.s.b.w.s.c.AnnotationConfigServletWebServerApplicationContext - - Exception encountered during context initialization - cancelling refresh attempt: org.springframework.context.ApplicationContextException: Failed to start bean 'webServerStartStop'
2025-06-20 08:57:05.501 [main] INFO  com.orchid.orchidbe.App - - Starting App using Java 21.0.6 with PID 10636 (C:\Users\Admin\Documents\fptu\FPTU\SBA301\orchidbe\target\classes started by Admin in C:\Users\Admin\Documents\fptu\FPTU\SBA301\orchidbe)
2025-06-20 08:57:05.502 [main] DEBUG com.orchid.orchidbe.App - - Running with Spring Boot v3.5.0, Spring v6.2.7
2025-06-20 08:57:05.503 [main] INFO  com.orchid.orchidbe.App - - The following 1 profile is active: "mongo"
2025-06-20 08:57:08.627 [main] WARN  o.s.data.convert.CustomConversions - - Registering converter from interface java.util.List to interface org.springframework.data.domain.Vector as reading converter although it doesn't convert from a store-supported type; You might want to check your annotation setup at the converter implementation
2025-06-20 08:57:08.748 [main] WARN  o.s.data.convert.CustomConversions - - Registering converter from interface java.util.List to interface org.springframework.data.domain.Vector as reading converter although it doesn't convert from a store-supported type; You might want to check your annotation setup at the converter implementation
2025-06-20 08:57:09.052 [main] DEBUG c.o.orchidbe.filters.JwtTokenFilter - - Filter 'jwtTokenFilter' configured for use
2025-06-20 08:57:09.331 [main] INFO  o.s.s.c.a.a.c.InitializeAuthenticationProviderBeanManagerConfigurer$InitializeAuthenticationProviderManagerConfigurer - - Global AuthenticationManager configured with AuthenticationProvider bean with name authenticationProvider
2025-06-20 08:57:09.331 [main] WARN  o.s.s.c.a.a.c.InitializeUserDetailsBeanManagerConfigurer$InitializeUserDetailsManagerConfigurer - - Global AuthenticationManager configured with an AuthenticationProvider bean. UserDetailsService beans will not be used by Spring Security for automatically configuring username/password login. Consider removing the AuthenticationProvider bean. Alternatively, consider using the UserDetailsService in a manually instantiated DaoAuthenticationProvider. If the current configuration is intentional, to turn off this warning, increase the logging level of 'org.springframework.security.config.annotation.authentication.configuration.InitializeUserDetailsBeanManagerConfigurer' to ERROR
2025-06-20 08:57:10.723 [main] INFO  com.orchid.orchidbe.App - - Started App in 5.945 seconds (process running for 7.762)
2025-06-20 08:57:12.124 [http-nio-8080-exec-1] INFO  o.s.web.servlet.DispatcherServlet - - Initializing Servlet 'dispatcherServlet'
2025-06-20 08:57:12.126 [http-nio-8080-exec-1] INFO  o.s.web.servlet.DispatcherServlet - - Completed initialization in 2 ms
2025-06-20 08:57:14.464 [http-nio-8080-exec-10] INFO  o.s.api.AbstractOpenApiResource - - Init duration for springdoc-openapi is: 526 ms
2025-06-20 09:06:44.267 [main] INFO  com.orchid.orchidbe.App - - Starting App using Java 21.0.6 with PID 7208 (C:\Users\Admin\Documents\fptu\FPTU\SBA301\orchidbe\target\classes started by Admin in C:\Users\Admin\Documents\fptu\FPTU\SBA301\orchidbe)
2025-06-20 09:06:44.269 [main] DEBUG com.orchid.orchidbe.App - - Running with Spring Boot v3.5.0, Spring v6.2.7
2025-06-20 09:06:44.269 [main] INFO  com.orchid.orchidbe.App - - The following 1 profile is active: "mongo"
2025-06-20 09:06:47.322 [main] WARN  o.s.data.convert.CustomConversions - - Registering converter from interface java.util.List to interface org.springframework.data.domain.Vector as reading converter although it doesn't convert from a store-supported type; You might want to check your annotation setup at the converter implementation
2025-06-20 09:06:47.453 [main] WARN  o.s.data.convert.CustomConversions - - Registering converter from interface java.util.List to interface org.springframework.data.domain.Vector as reading converter although it doesn't convert from a store-supported type; You might want to check your annotation setup at the converter implementation
2025-06-20 09:06:47.716 [main] DEBUG c.o.orchidbe.filters.JwtTokenFilter - - Filter 'jwtTokenFilter' configured for use
2025-06-20 09:06:47.954 [main] INFO  o.s.s.c.a.a.c.InitializeAuthenticationProviderBeanManagerConfigurer$InitializeAuthenticationProviderManagerConfigurer - - Global AuthenticationManager configured with AuthenticationProvider bean with name authenticationProvider
2025-06-20 09:06:47.954 [main] WARN  o.s.s.c.a.a.c.InitializeUserDetailsBeanManagerConfigurer$InitializeUserDetailsManagerConfigurer - - Global AuthenticationManager configured with an AuthenticationProvider bean. UserDetailsService beans will not be used by Spring Security for automatically configuring username/password login. Consider removing the AuthenticationProvider bean. Alternatively, consider using the UserDetailsService in a manually instantiated DaoAuthenticationProvider. If the current configuration is intentional, to turn off this warning, increase the logging level of 'org.springframework.security.config.annotation.authentication.configuration.InitializeUserDetailsBeanManagerConfigurer' to ERROR
2025-06-20 09:06:49.177 [main] INFO  com.orchid.orchidbe.App - - Started App in 5.596 seconds (process running for 7.02)
2025-06-20 09:06:50.112 [http-nio-8080-exec-1] INFO  o.s.web.servlet.DispatcherServlet - - Initializing Servlet 'dispatcherServlet'
2025-06-20 09:06:50.113 [http-nio-8080-exec-1] INFO  o.s.web.servlet.DispatcherServlet - - Completed initialization in 1 ms
2025-06-20 09:06:51.956 [http-nio-8080-exec-10] INFO  o.s.api.AbstractOpenApiResource - - Init duration for springdoc-openapi is: 517 ms
2025-06-20 09:06:54.629 [http-nio-8080-exec-1] INFO  c.o.o.controllers.AuthController - - Login body received: LoginReq[email=mnhw.0612@gmail.com, password=string]
2025-06-20 09:16:20.060 [main] INFO  com.orchid.orchidbe.App - - Starting App using Java 21.0.6 with PID 3096 (C:\Users\Admin\Documents\fptu\FPTU\SBA301\orchidbe\target\classes started by Admin in C:\Users\Admin\Documents\fptu\FPTU\SBA301\orchidbe)
2025-06-20 09:16:20.061 [main] DEBUG com.orchid.orchidbe.App - - Running with Spring Boot v3.5.0, Spring v6.2.7
2025-06-20 09:16:20.062 [main] INFO  com.orchid.orchidbe.App - - The following 1 profile is active: "mongo"
2025-06-20 09:16:22.795 [main] WARN  o.s.data.convert.CustomConversions - - Registering converter from interface java.util.List to interface org.springframework.data.domain.Vector as reading converter although it doesn't convert from a store-supported type; You might want to check your annotation setup at the converter implementation
2025-06-20 09:16:22.911 [main] WARN  o.s.data.convert.CustomConversions - - Registering converter from interface java.util.List to interface org.springframework.data.domain.Vector as reading converter although it doesn't convert from a store-supported type; You might want to check your annotation setup at the converter implementation
2025-06-20 09:16:23.276 [main] DEBUG c.o.orchidbe.filters.JwtTokenFilter - - Filter 'jwtTokenFilter' configured for use
2025-06-20 09:16:23.635 [main] INFO  o.s.s.c.a.a.c.InitializeAuthenticationProviderBeanManagerConfigurer$InitializeAuthenticationProviderManagerConfigurer - - Global AuthenticationManager configured with AuthenticationProvider bean with name authenticationProvider
2025-06-20 09:16:23.636 [main] WARN  o.s.s.c.a.a.c.InitializeUserDetailsBeanManagerConfigurer$InitializeUserDetailsManagerConfigurer - - Global AuthenticationManager configured with an AuthenticationProvider bean. UserDetailsService beans will not be used by Spring Security for automatically configuring username/password login. Consider removing the AuthenticationProvider bean. Alternatively, consider using the UserDetailsService in a manually instantiated DaoAuthenticationProvider. If the current configuration is intentional, to turn off this warning, increase the logging level of 'org.springframework.security.config.annotation.authentication.configuration.InitializeUserDetailsBeanManagerConfigurer' to ERROR
2025-06-20 09:16:24.758 [main] INFO  com.orchid.orchidbe.App - - Started App in 5.291 seconds (process running for 6.888)
2025-06-20 09:16:25.585 [http-nio-8080-exec-1] INFO  o.s.web.servlet.DispatcherServlet - - Initializing Servlet 'dispatcherServlet'
2025-06-20 09:16:25.587 [http-nio-8080-exec-1] INFO  o.s.web.servlet.DispatcherServlet - - Completed initialization in 2 ms
2025-06-20 09:16:29.979 [http-nio-8080-exec-10] INFO  o.s.api.AbstractOpenApiResource - - Init duration for springdoc-openapi is: 2559 ms
2025-06-20 09:16:56.619 [http-nio-8080-exec-2] INFO  c.o.o.controllers.AuthController - - Login body received: LoginReq[email=mnhw.0612@gmail.com, password=string]
2025-06-20 09:19:04.133 [http-nio-8080-exec-8] INFO  c.o.o.controllers.AuthController - - Login body received: LoginReq[email=mnhw.0612@gmail.com, password=string]
2025-06-20 09:19:27.784 [main] INFO  com.orchid.orchidbe.App - - Starting App using Java 21.0.6 with PID 16364 (C:\Users\Admin\Documents\fptu\FPTU\SBA301\orchidbe\target\classes started by Admin in C:\Users\Admin\Documents\fptu\FPTU\SBA301\orchidbe)
2025-06-20 09:19:27.786 [main] DEBUG com.orchid.orchidbe.App - - Running with Spring Boot v3.5.0, Spring v6.2.7
2025-06-20 09:19:27.786 [main] INFO  com.orchid.orchidbe.App - - The following 1 profile is active: "mongo"
2025-06-20 09:19:31.005 [main] WARN  o.s.data.convert.CustomConversions - - Registering converter from interface java.util.List to interface org.springframework.data.domain.Vector as reading converter although it doesn't convert from a store-supported type; You might want to check your annotation setup at the converter implementation
2025-06-20 09:19:31.129 [main] WARN  o.s.data.convert.CustomConversions - - Registering converter from interface java.util.List to interface org.springframework.data.domain.Vector as reading converter although it doesn't convert from a store-supported type; You might want to check your annotation setup at the converter implementation
2025-06-20 09:19:31.547 [main] DEBUG c.o.orchidbe.filters.JwtTokenFilter - - Filter 'jwtTokenFilter' configured for use
2025-06-20 09:19:32.182 [main] INFO  o.s.s.c.a.a.c.InitializeAuthenticationProviderBeanManagerConfigurer$InitializeAuthenticationProviderManagerConfigurer - - Global AuthenticationManager configured with AuthenticationProvider bean with name authenticationProvider
2025-06-20 09:19:32.182 [main] WARN  o.s.s.c.a.a.c.InitializeUserDetailsBeanManagerConfigurer$InitializeUserDetailsManagerConfigurer - - Global AuthenticationManager configured with an AuthenticationProvider bean. UserDetailsService beans will not be used by Spring Security for automatically configuring username/password login. Consider removing the AuthenticationProvider bean. Alternatively, consider using the UserDetailsService in a manually instantiated DaoAuthenticationProvider. If the current configuration is intentional, to turn off this warning, increase the logging level of 'org.springframework.security.config.annotation.authentication.configuration.InitializeUserDetailsBeanManagerConfigurer' to ERROR
2025-06-20 09:19:33.591 [main] INFO  com.orchid.orchidbe.App - - Started App in 6.714 seconds (process running for 8.948)
2025-06-20 09:19:34.581 [http-nio-8080-exec-1] INFO  o.s.web.servlet.DispatcherServlet - - Initializing Servlet 'dispatcherServlet'
2025-06-20 09:19:34.581 [http-nio-8080-exec-1] INFO  o.s.web.servlet.DispatcherServlet - - Completed initialization in 0 ms
2025-06-20 09:19:36.666 [http-nio-8080-exec-10] INFO  o.s.api.AbstractOpenApiResource - - Init duration for springdoc-openapi is: 627 ms
2025-06-20 09:29:49.941 [http-nio-8080-exec-1] INFO  c.o.o.controllers.AuthController - - Login body received: LoginReq[email=mnhw.0612@gmail.com, password=string]
2025-06-20 09:31:15.533 [main] INFO  com.orchid.orchidbe.App - - Starting App using Java 21.0.6 with PID 14340 (C:\Users\Admin\Documents\fptu\FPTU\SBA301\orchidbe\target\classes started by Admin in C:\Users\Admin\Documents\fptu\FPTU\SBA301\orchidbe)
2025-06-20 09:31:15.534 [main] DEBUG com.orchid.orchidbe.App - - Running with Spring Boot v3.5.0, Spring v6.2.7
2025-06-20 09:31:15.535 [main] INFO  com.orchid.orchidbe.App - - The following 1 profile is active: "mongo"
2025-06-20 09:31:18.227 [main] WARN  o.s.data.convert.CustomConversions - - Registering converter from interface java.util.List to interface org.springframework.data.domain.Vector as reading converter although it doesn't convert from a store-supported type; You might want to check your annotation setup at the converter implementation
2025-06-20 09:31:18.334 [main] WARN  o.s.data.convert.CustomConversions - - Registering converter from interface java.util.List to interface org.springframework.data.domain.Vector as reading converter although it doesn't convert from a store-supported type; You might want to check your annotation setup at the converter implementation
2025-06-20 09:31:18.599 [main] DEBUG c.o.orchidbe.filters.JwtTokenFilter - - Filter 'jwtTokenFilter' configured for use
2025-06-20 09:31:18.869 [main] INFO  o.s.s.c.a.a.c.InitializeAuthenticationProviderBeanManagerConfigurer$InitializeAuthenticationProviderManagerConfigurer - - Global AuthenticationManager configured with AuthenticationProvider bean with name authenticationProvider
2025-06-20 09:31:18.870 [main] WARN  o.s.s.c.a.a.c.InitializeUserDetailsBeanManagerConfigurer$InitializeUserDetailsManagerConfigurer - - Global AuthenticationManager configured with an AuthenticationProvider bean. UserDetailsService beans will not be used by Spring Security for automatically configuring username/password login. Consider removing the AuthenticationProvider bean. Alternatively, consider using the UserDetailsService in a manually instantiated DaoAuthenticationProvider. If the current configuration is intentional, to turn off this warning, increase the logging level of 'org.springframework.security.config.annotation.authentication.configuration.InitializeUserDetailsBeanManagerConfigurer' to ERROR
2025-06-20 09:31:19.969 [main] INFO  com.orchid.orchidbe.App - - Started App in 5.145 seconds (process running for 6.407)
2025-06-20 09:31:20.814 [http-nio-8080-exec-1] INFO  o.s.web.servlet.DispatcherServlet - - Initializing Servlet 'dispatcherServlet'
2025-06-20 09:31:20.817 [http-nio-8080-exec-1] INFO  o.s.web.servlet.DispatcherServlet - - Completed initialization in 3 ms
2025-06-20 09:31:22.858 [http-nio-8080-exec-10] INFO  o.s.api.AbstractOpenApiResource - - Init duration for springdoc-openapi is: 670 ms
2025-06-20 09:35:45.236 [http-nio-8080-exec-9] INFO  c.o.o.controllers.AuthController - - Login body received: LoginReq[email=mnhw.0612@gmail.com, password=string]
2025-06-20 09:36:04.605 [http-nio-8080-exec-7] INFO  c.o.o.controllers.AuthController - - Login body received: LoginReq[email=mnhw.0612@gmail.com, password=string]
2025-06-20 09:36:05.593 [http-nio-8080-exec-8] INFO  c.o.o.controllers.AuthController - - Login body received: LoginReq[email=mnhw.0612@gmail.com, password=string]
2025-06-20 09:46:53.762 [main] INFO  com.orchid.orchidbe.App - - Starting App using Java 21.0.6 with PID 16224 (C:\Users\Admin\Documents\fptu\FPTU\SBA301\orchidbe\target\classes started by Admin in C:\Users\Admin\Documents\fptu\FPTU\SBA301\orchidbe)
2025-06-20 09:46:53.764 [main] DEBUG com.orchid.orchidbe.App - - Running with Spring Boot v3.5.0, Spring v6.2.7
2025-06-20 09:46:53.765 [main] INFO  com.orchid.orchidbe.App - - The following 1 profile is active: "mongo"
2025-06-20 09:46:57.037 [main] WARN  o.s.data.convert.CustomConversions - - Registering converter from interface java.util.List to interface org.springframework.data.domain.Vector as reading converter although it doesn't convert from a store-supported type; You might want to check your annotation setup at the converter implementation
2025-06-20 09:46:57.271 [main] WARN  o.s.data.convert.CustomConversions - - Registering converter from interface java.util.List to interface org.springframework.data.domain.Vector as reading converter although it doesn't convert from a store-supported type; You might want to check your annotation setup at the converter implementation
2025-06-20 09:46:57.668 [main] DEBUG c.o.orchidbe.filters.JwtTokenFilter - - Filter 'jwtTokenFilter' configured for use
2025-06-20 09:46:57.936 [main] INFO  o.s.s.c.a.a.c.InitializeAuthenticationProviderBeanManagerConfigurer$InitializeAuthenticationProviderManagerConfigurer - - Global AuthenticationManager configured with AuthenticationProvider bean with name authenticationProvider
2025-06-20 09:46:57.937 [main] WARN  o.s.s.c.a.a.c.InitializeUserDetailsBeanManagerConfigurer$InitializeUserDetailsManagerConfigurer - - Global AuthenticationManager configured with an AuthenticationProvider bean. UserDetailsService beans will not be used by Spring Security for automatically configuring username/password login. Consider removing the AuthenticationProvider bean. Alternatively, consider using the UserDetailsService in a manually instantiated DaoAuthenticationProvider. If the current configuration is intentional, to turn off this warning, increase the logging level of 'org.springframework.security.config.annotation.authentication.configuration.InitializeUserDetailsBeanManagerConfigurer' to ERROR
2025-06-20 09:46:59.259 [main] INFO  com.orchid.orchidbe.App - - Started App in 6.343 seconds (process running for 8.115)
2025-06-20 09:47:00.283 [http-nio-8080-exec-1] INFO  o.s.web.servlet.DispatcherServlet - - Initializing Servlet 'dispatcherServlet'
2025-06-20 09:47:00.285 [http-nio-8080-exec-1] INFO  o.s.web.servlet.DispatcherServlet - - Completed initialization in 2 ms
2025-06-20 09:47:02.481 [http-nio-8080-exec-10] INFO  o.s.api.AbstractOpenApiResource - - Init duration for springdoc-openapi is: 529 ms
2025-06-20 09:47:17.027 [http-nio-8080-exec-1] INFO  c.o.o.controllers.AuthController - - Login body received: LoginReq[email=mnhw.0612@gmail.com, password=string]
2025-06-20 09:48:07.743 [http-nio-8080-exec-6] INFO  c.o.o.controllers.AuthController - - Login body received: LoginReq[email=mnhw.0612@gmail.com, password=string]
2025-06-20 09:55:01.894 [main] INFO  com.orchid.orchidbe.App - - Starting App using Java 21.0.6 with PID 9248 (C:\Users\Admin\Documents\fptu\FPTU\SBA301\orchidbe\target\classes started by Admin in C:\Users\Admin\Documents\fptu\FPTU\SBA301\orchidbe)
2025-06-20 09:55:01.894 [main] DEBUG com.orchid.orchidbe.App - - Running with Spring Boot v3.5.0, Spring v6.2.7
2025-06-20 09:55:01.894 [main] INFO  com.orchid.orchidbe.App - - The following 1 profile is active: "mongo"
2025-06-20 09:55:04.410 [main] WARN  o.s.data.convert.CustomConversions - - Registering converter from interface java.util.List to interface org.springframework.data.domain.Vector as reading converter although it doesn't convert from a store-supported type; You might want to check your annotation setup at the converter implementation
2025-06-20 09:55:04.528 [main] WARN  o.s.data.convert.CustomConversions - - Registering converter from interface java.util.List to interface org.springframework.data.domain.Vector as reading converter although it doesn't convert from a store-supported type; You might want to check your annotation setup at the converter implementation
2025-06-20 09:55:04.874 [main] DEBUG c.o.orchidbe.filters.JwtTokenFilter - - Filter 'jwtTokenFilter' configured for use
2025-06-20 09:55:05.092 [main] INFO  o.s.s.c.a.a.c.InitializeAuthenticationProviderBeanManagerConfigurer$InitializeAuthenticationProviderManagerConfigurer - - Global AuthenticationManager configured with AuthenticationProvider bean with name authenticationProvider
2025-06-20 09:55:05.092 [main] WARN  o.s.s.c.a.a.c.InitializeUserDetailsBeanManagerConfigurer$InitializeUserDetailsManagerConfigurer - - Global AuthenticationManager configured with an AuthenticationProvider bean. UserDetailsService beans will not be used by Spring Security for automatically configuring username/password login. Consider removing the AuthenticationProvider bean. Alternatively, consider using the UserDetailsService in a manually instantiated DaoAuthenticationProvider. If the current configuration is intentional, to turn off this warning, increase the logging level of 'org.springframework.security.config.annotation.authentication.configuration.InitializeUserDetailsBeanManagerConfigurer' to ERROR
2025-06-20 09:55:06.160 [main] INFO  com.orchid.orchidbe.App - - Started App in 4.828 seconds (process running for 5.937)
2025-06-20 09:55:07.028 [http-nio-8080-exec-1] INFO  o.s.web.servlet.DispatcherServlet - - Initializing Servlet 'dispatcherServlet'
2025-06-20 09:55:07.028 [http-nio-8080-exec-1] INFO  o.s.web.servlet.DispatcherServlet - - Completed initialization in 0 ms
2025-06-20 09:55:08.678 [http-nio-8080-exec-10] INFO  o.s.api.AbstractOpenApiResource - - Init duration for springdoc-openapi is: 470 ms
2025-06-20 09:56:55.678 [http-nio-8080-exec-6] INFO  c.o.o.controllers.AuthController - - Login body received: LoginReq[email=mnhw.0612@gmail.com, password=string]
2025-06-20 09:56:58.540 [http-nio-8080-exec-9] INFO  c.o.o.controllers.AuthController - - Login body received: LoginReq[email=mnhw.0612@gmail.com, password=string]
2025-06-20 09:58:13.339 [main] INFO  com.orchid.orchidbe.App - - Starting App using Java 21.0.6 with PID 4980 (C:\Users\Admin\Documents\fptu\FPTU\SBA301\orchidbe\target\classes started by Admin in C:\Users\Admin\Documents\fptu\FPTU\SBA301\orchidbe)
2025-06-20 09:58:13.340 [main] DEBUG com.orchid.orchidbe.App - - Running with Spring Boot v3.5.0, Spring v6.2.7
2025-06-20 09:58:13.341 [main] INFO  com.orchid.orchidbe.App - - The following 1 profile is active: "mongo"
2025-06-20 09:58:15.855 [main] WARN  o.s.data.convert.CustomConversions - - Registering converter from interface java.util.List to interface org.springframework.data.domain.Vector as reading converter although it doesn't convert from a store-supported type; You might want to check your annotation setup at the converter implementation
2025-06-20 09:58:15.962 [main] WARN  o.s.data.convert.CustomConversions - - Registering converter from interface java.util.List to interface org.springframework.data.domain.Vector as reading converter although it doesn't convert from a store-supported type; You might want to check your annotation setup at the converter implementation
2025-06-20 09:58:16.290 [main] DEBUG c.o.orchidbe.filters.JwtTokenFilter - - Filter 'jwtTokenFilter' configured for use
2025-06-20 09:58:16.541 [main] INFO  o.s.s.c.a.a.c.InitializeAuthenticationProviderBeanManagerConfigurer$InitializeAuthenticationProviderManagerConfigurer - - Global AuthenticationManager configured with AuthenticationProvider bean with name authenticationProvider
2025-06-20 09:58:16.542 [main] WARN  o.s.s.c.a.a.c.InitializeUserDetailsBeanManagerConfigurer$InitializeUserDetailsManagerConfigurer - - Global AuthenticationManager configured with an AuthenticationProvider bean. UserDetailsService beans will not be used by Spring Security for automatically configuring username/password login. Consider removing the AuthenticationProvider bean. Alternatively, consider using the UserDetailsService in a manually instantiated DaoAuthenticationProvider. If the current configuration is intentional, to turn off this warning, increase the logging level of 'org.springframework.security.config.annotation.authentication.configuration.InitializeUserDetailsBeanManagerConfigurer' to ERROR
2025-06-20 09:58:17.591 [main] INFO  com.orchid.orchidbe.App - - Started App in 4.832 seconds (process running for 6.018)
2025-06-20 09:58:19.253 [http-nio-8080-exec-1] INFO  o.s.web.servlet.DispatcherServlet - - Initializing Servlet 'dispatcherServlet'
2025-06-20 09:58:19.254 [http-nio-8080-exec-1] INFO  o.s.web.servlet.DispatcherServlet - - Completed initialization in 1 ms
2025-06-20 09:58:20.896 [http-nio-8080-exec-5] INFO  o.s.api.AbstractOpenApiResource - - Init duration for springdoc-openapi is: 504 ms
2025-06-20 09:58:30.540 [http-nio-8080-exec-1] INFO  c.o.o.controllers.AuthController - - Login body received: LoginReq[email=mnhw.0612@gmail.com, password=string]
2025-06-20 09:58:31.254 [http-nio-8080-exec-1] INFO  c.o.o.controllers.AuthController - - User logged in successfully
2025-06-20 10:07:38.017 [main] INFO  com.orchid.orchidbe.App - - Starting App using Java 21.0.6 with PID 11084 (C:\Users\Admin\Documents\fptu\FPTU\SBA301\orchidbe\target\classes started by Admin in C:\Users\Admin\Documents\fptu\FPTU\SBA301\orchidbe)
2025-06-20 10:07:38.018 [main] DEBUG com.orchid.orchidbe.App - - Running with Spring Boot v3.5.0, Spring v6.2.7
2025-06-20 10:07:38.018 [main] INFO  com.orchid.orchidbe.App - - The following 1 profile is active: "mongo"
2025-06-20 10:07:40.540 [main] WARN  o.s.data.convert.CustomConversions - - Registering converter from interface java.util.List to interface org.springframework.data.domain.Vector as reading converter although it doesn't convert from a store-supported type; You might want to check your annotation setup at the converter implementation
2025-06-20 10:07:40.675 [main] WARN  o.s.data.convert.CustomConversions - - Registering converter from interface java.util.List to interface org.springframework.data.domain.Vector as reading converter although it doesn't convert from a store-supported type; You might want to check your annotation setup at the converter implementation
2025-06-20 10:07:40.954 [main] DEBUG c.o.orchidbe.filters.JwtTokenFilter - - Filter 'jwtTokenFilter' configured for use
2025-06-20 10:07:41.194 [main] INFO  o.s.s.c.a.a.c.InitializeAuthenticationProviderBeanManagerConfigurer$InitializeAuthenticationProviderManagerConfigurer - - Global AuthenticationManager configured with AuthenticationProvider bean with name authenticationProvider
2025-06-20 10:07:41.195 [main] WARN  o.s.s.c.a.a.c.InitializeUserDetailsBeanManagerConfigurer$InitializeUserDetailsManagerConfigurer - - Global AuthenticationManager configured with an AuthenticationProvider bean. UserDetailsService beans will not be used by Spring Security for automatically configuring username/password login. Consider removing the AuthenticationProvider bean. Alternatively, consider using the UserDetailsService in a manually instantiated DaoAuthenticationProvider. If the current configuration is intentional, to turn off this warning, increase the logging level of 'org.springframework.security.config.annotation.authentication.configuration.InitializeUserDetailsBeanManagerConfigurer' to ERROR
2025-06-20 10:07:42.254 [main] INFO  com.orchid.orchidbe.App - - Started App in 4.829 seconds (process running for 5.941)
2025-06-20 10:07:43.481 [http-nio-8080-exec-1] INFO  o.s.web.servlet.DispatcherServlet - - Initializing Servlet 'dispatcherServlet'
2025-06-20 10:07:43.482 [http-nio-8080-exec-1] INFO  o.s.web.servlet.DispatcherServlet - - Completed initialization in 1 ms
2025-06-20 10:07:45.124 [http-nio-8080-exec-5] INFO  o.s.api.AbstractOpenApiResource - - Init duration for springdoc-openapi is: 487 ms
2025-06-20 10:10:59.602 [main] INFO  com.orchid.orchidbe.App - - Starting App using Java 21.0.6 with PID 2536 (C:\Users\Admin\Documents\fptu\FPTU\SBA301\orchidbe\target\classes started by Admin in C:\Users\Admin\Documents\fptu\FPTU\SBA301\orchidbe)
2025-06-20 10:10:59.603 [main] DEBUG com.orchid.orchidbe.App - - Running with Spring Boot v3.5.0, Spring v6.2.7
2025-06-20 10:10:59.604 [main] INFO  com.orchid.orchidbe.App - - The following 1 profile is active: "mongo"
2025-06-20 10:11:02.240 [main] WARN  o.s.data.convert.CustomConversions - - Registering converter from interface java.util.List to interface org.springframework.data.domain.Vector as reading converter although it doesn't convert from a store-supported type; You might want to check your annotation setup at the converter implementation
2025-06-20 10:11:02.401 [main] WARN  o.s.data.convert.CustomConversions - - Registering converter from interface java.util.List to interface org.springframework.data.domain.Vector as reading converter although it doesn't convert from a store-supported type; You might want to check your annotation setup at the converter implementation
2025-06-20 10:11:02.757 [main] DEBUG c.o.orchidbe.filters.JwtTokenFilter - - Filter 'jwtTokenFilter' configured for use
2025-06-20 10:11:03.012 [main] INFO  o.s.s.c.a.a.c.InitializeAuthenticationProviderBeanManagerConfigurer$InitializeAuthenticationProviderManagerConfigurer - - Global AuthenticationManager configured with AuthenticationProvider bean with name authenticationProvider
2025-06-20 10:11:03.013 [main] WARN  o.s.s.c.a.a.c.InitializeUserDetailsBeanManagerConfigurer$InitializeUserDetailsManagerConfigurer - - Global AuthenticationManager configured with an AuthenticationProvider bean. UserDetailsService beans will not be used by Spring Security for automatically configuring username/password login. Consider removing the AuthenticationProvider bean. Alternatively, consider using the UserDetailsService in a manually instantiated DaoAuthenticationProvider. If the current configuration is intentional, to turn off this warning, increase the logging level of 'org.springframework.security.config.annotation.authentication.configuration.InitializeUserDetailsBeanManagerConfigurer' to ERROR
2025-06-20 10:11:04.121 [main] INFO  com.orchid.orchidbe.App - - Started App in 5.129 seconds (process running for 6.414)
2025-06-20 10:11:05.152 [RMI TCP Connection(2)-100.121.255.32] INFO  o.s.web.servlet.DispatcherServlet - - Initializing Servlet 'dispatcherServlet'
2025-06-20 10:11:05.156 [RMI TCP Connection(2)-100.121.255.32] INFO  o.s.web.servlet.DispatcherServlet - - Completed initialization in 3 ms
2025-06-20 10:11:06.921 [http-nio-8080-exec-10] INFO  o.s.api.AbstractOpenApiResource - - Init duration for springdoc-openapi is: 504 ms
2025-06-20 10:22:53.862 [main] INFO  com.orchid.orchidbe.App - - Starting App using Java 21.0.6 with PID 14704 (C:\Users\Admin\Documents\fptu\FPTU\SBA301\orchidbe\target\classes started by Admin in C:\Users\Admin\Documents\fptu\FPTU\SBA301\orchidbe)
2025-06-20 10:22:53.863 [main] DEBUG com.orchid.orchidbe.App - - Running with Spring Boot v3.5.0, Spring v6.2.7
2025-06-20 10:22:53.864 [main] INFO  com.orchid.orchidbe.App - - The following 1 profile is active: "mongo"
2025-06-20 10:22:56.461 [main] WARN  o.s.data.convert.CustomConversions - - Registering converter from interface java.util.List to interface org.springframework.data.domain.Vector as reading converter although it doesn't convert from a store-supported type; You might want to check your annotation setup at the converter implementation
2025-06-20 10:22:56.601 [main] WARN  o.s.data.convert.CustomConversions - - Registering converter from interface java.util.List to interface org.springframework.data.domain.Vector as reading converter although it doesn't convert from a store-supported type; You might want to check your annotation setup at the converter implementation
2025-06-20 10:22:56.898 [main] DEBUG c.o.orchidbe.filters.JwtTokenFilter - - Filter 'jwtTokenFilter' configured for use
2025-06-20 10:22:57.139 [main] INFO  o.s.s.c.a.a.c.InitializeAuthenticationProviderBeanManagerConfigurer$InitializeAuthenticationProviderManagerConfigurer - - Global AuthenticationManager configured with AuthenticationProvider bean with name authenticationProvider
2025-06-20 10:22:57.140 [main] WARN  o.s.s.c.a.a.c.InitializeUserDetailsBeanManagerConfigurer$InitializeUserDetailsManagerConfigurer - - Global AuthenticationManager configured with an AuthenticationProvider bean. UserDetailsService beans will not be used by Spring Security for automatically configuring username/password login. Consider removing the AuthenticationProvider bean. Alternatively, consider using the UserDetailsService in a manually instantiated DaoAuthenticationProvider. If the current configuration is intentional, to turn off this warning, increase the logging level of 'org.springframework.security.config.annotation.authentication.configuration.InitializeUserDetailsBeanManagerConfigurer' to ERROR
2025-06-20 10:22:58.218 [main] INFO  com.orchid.orchidbe.App - - Started App in 4.951 seconds (process running for 6.295)
2025-06-20 10:22:59.011 [http-nio-8080-exec-1] INFO  o.s.web.servlet.DispatcherServlet - - Initializing Servlet 'dispatcherServlet'
2025-06-20 10:22:59.014 [http-nio-8080-exec-1] INFO  o.s.web.servlet.DispatcherServlet - - Completed initialization in 2 ms
2025-06-20 10:24:48.948 [main] INFO  com.orchid.orchidbe.App - - Starting App using Java 21.0.6 with PID 15852 (C:\Users\Admin\Documents\fptu\FPTU\SBA301\orchidbe\target\classes started by Admin in C:\Users\Admin\Documents\fptu\FPTU\SBA301\orchidbe)
2025-06-20 10:24:48.949 [main] DEBUG com.orchid.orchidbe.App - - Running with Spring Boot v3.5.0, Spring v6.2.7
2025-06-20 10:24:48.949 [main] INFO  com.orchid.orchidbe.App - - The following 1 profile is active: "mongo"
2025-06-20 10:24:51.553 [main] WARN  o.s.data.convert.CustomConversions - - Registering converter from interface java.util.List to interface org.springframework.data.domain.Vector as reading converter although it doesn't convert from a store-supported type; You might want to check your annotation setup at the converter implementation
2025-06-20 10:24:51.657 [main] WARN  o.s.data.convert.CustomConversions - - Registering converter from interface java.util.List to interface org.springframework.data.domain.Vector as reading converter although it doesn't convert from a store-supported type; You might want to check your annotation setup at the converter implementation
2025-06-20 10:24:51.943 [main] DEBUG c.o.orchidbe.filters.JwtTokenFilter - - Filter 'jwtTokenFilter' configured for use
2025-06-20 10:24:52.185 [main] INFO  o.s.s.c.a.a.c.InitializeAuthenticationProviderBeanManagerConfigurer$InitializeAuthenticationProviderManagerConfigurer - - Global AuthenticationManager configured with AuthenticationProvider bean with name authenticationProvider
2025-06-20 10:24:52.186 [main] WARN  o.s.s.c.a.a.c.InitializeUserDetailsBeanManagerConfigurer$InitializeUserDetailsManagerConfigurer - - Global AuthenticationManager configured with an AuthenticationProvider bean. UserDetailsService beans will not be used by Spring Security for automatically configuring username/password login. Consider removing the AuthenticationProvider bean. Alternatively, consider using the UserDetailsService in a manually instantiated DaoAuthenticationProvider. If the current configuration is intentional, to turn off this warning, increase the logging level of 'org.springframework.security.config.annotation.authentication.configuration.InitializeUserDetailsBeanManagerConfigurer' to ERROR
2025-06-20 10:24:52.781 [main] WARN  o.s.s.c.a.w.c.AuthorizeHttpRequestsConfigurer$AuthorizationManagerRequestMatcherRegistry - - One of the patterns in [/graphiql, /graphql, /error, /v3/api-docs/**, /v3/api-docs.yaml, /v3/api-docs/swagger-config, /swagger-ui/**, /swagger-ui.html, /api/v1/swagger-ui/**, /api/v1/swagger-ui.html, /api/v1/api-docs/**, custom-swagger-ui/**, /actuator/**] is missing a leading slash. This is discouraged; please include the leading slash in all your request matcher patterns. In future versions of Spring Security, leaving out the leading slash will result in an exception.
2025-06-20 10:24:53.257 [main] INFO  com.orchid.orchidbe.App - - Started App in 4.898 seconds (process running for 6.054)
2025-06-20 10:24:54.589 [http-nio-8080-exec-1] INFO  o.s.web.servlet.DispatcherServlet - - Initializing Servlet 'dispatcherServlet'
2025-06-20 10:24:54.590 [http-nio-8080-exec-1] INFO  o.s.web.servlet.DispatcherServlet - - Completed initialization in 1 ms
2025-06-20 10:30:04.867 [main] INFO  com.orchid.orchidbe.App - - Starting App using Java 21.0.6 with PID 17244 (C:\Users\Admin\Documents\fptu\FPTU\SBA301\orchidbe\target\classes started by Admin in C:\Users\Admin\Documents\fptu\FPTU\SBA301\orchidbe)
2025-06-20 10:30:04.868 [main] DEBUG com.orchid.orchidbe.App - - Running with Spring Boot v3.5.0, Spring v6.2.7
2025-06-20 10:30:04.868 [main] INFO  com.orchid.orchidbe.App - - The following 1 profile is active: "mongo"
2025-06-20 10:30:07.658 [main] WARN  o.s.data.convert.CustomConversions - - Registering converter from interface java.util.List to interface org.springframework.data.domain.Vector as reading converter although it doesn't convert from a store-supported type; You might want to check your annotation setup at the converter implementation
2025-06-20 10:30:07.799 [main] WARN  o.s.data.convert.CustomConversions - - Registering converter from interface java.util.List to interface org.springframework.data.domain.Vector as reading converter although it doesn't convert from a store-supported type; You might want to check your annotation setup at the converter implementation
2025-06-20 10:30:08.116 [main] DEBUG c.o.orchidbe.filters.JwtTokenFilter - - Filter 'jwtTokenFilter' configured for use
2025-06-20 10:30:08.437 [main] INFO  o.s.s.c.a.a.c.InitializeAuthenticationProviderBeanManagerConfigurer$InitializeAuthenticationProviderManagerConfigurer - - Global AuthenticationManager configured with AuthenticationProvider bean with name authenticationProvider
2025-06-20 10:30:08.437 [main] WARN  o.s.s.c.a.a.c.InitializeUserDetailsBeanManagerConfigurer$InitializeUserDetailsManagerConfigurer - - Global AuthenticationManager configured with an AuthenticationProvider bean. UserDetailsService beans will not be used by Spring Security for automatically configuring username/password login. Consider removing the AuthenticationProvider bean. Alternatively, consider using the UserDetailsService in a manually instantiated DaoAuthenticationProvider. If the current configuration is intentional, to turn off this warning, increase the logging level of 'org.springframework.security.config.annotation.authentication.configuration.InitializeUserDetailsBeanManagerConfigurer' to ERROR
2025-06-20 10:30:09.220 [main] WARN  o.s.s.c.a.w.c.AuthorizeHttpRequestsConfigurer$AuthorizationManagerRequestMatcherRegistry - - One of the patterns in [/graphiql, /graphql, /error, /v3/api-docs/**, /v3/api-docs.yaml, /v3/api-docs/swagger-config, /swagger-ui/**, /swagger-ui.html, /api/v1/swagger-ui/**, /api/v1/swagger-ui.html, /api/v1/api-docs/**, custom-swagger-ui/**, /actuator/**] is missing a leading slash. This is discouraged; please include the leading slash in all your request matcher patterns. In future versions of Spring Security, leaving out the leading slash will result in an exception.
2025-06-20 10:30:09.715 [main] INFO  com.orchid.orchidbe.App - - Started App in 5.473 seconds (process running for 6.793)
2025-06-20 10:30:11.166 [http-nio-8080-exec-1] INFO  o.s.web.servlet.DispatcherServlet - - Initializing Servlet 'dispatcherServlet'
2025-06-20 10:30:11.167 [http-nio-8080-exec-1] INFO  o.s.web.servlet.DispatcherServlet - - Completed initialization in 1 ms
2025-06-20 10:30:46.439 [main] INFO  com.orchid.orchidbe.App - - Starting App using Java 21.0.6 with PID 16844 (C:\Users\Admin\Documents\fptu\FPTU\SBA301\orchidbe\target\classes started by Admin in C:\Users\Admin\Documents\fptu\FPTU\SBA301\orchidbe)
2025-06-20 10:30:46.440 [main] DEBUG com.orchid.orchidbe.App - - Running with Spring Boot v3.5.0, Spring v6.2.7
2025-06-20 10:30:46.441 [main] INFO  com.orchid.orchidbe.App - - The following 1 profile is active: "mongo"
2025-06-20 10:30:49.345 [main] WARN  o.s.data.convert.CustomConversions - - Registering converter from interface java.util.List to interface org.springframework.data.domain.Vector as reading converter although it doesn't convert from a store-supported type; You might want to check your annotation setup at the converter implementation
2025-06-20 10:30:49.455 [main] WARN  o.s.data.convert.CustomConversions - - Registering converter from interface java.util.List to interface org.springframework.data.domain.Vector as reading converter although it doesn't convert from a store-supported type; You might want to check your annotation setup at the converter implementation
2025-06-20 10:30:49.740 [main] DEBUG c.o.orchidbe.filters.JwtTokenFilter - - Filter 'jwtTokenFilter' configured for use
2025-06-20 10:30:49.993 [main] INFO  o.s.s.c.a.a.c.InitializeAuthenticationProviderBeanManagerConfigurer$InitializeAuthenticationProviderManagerConfigurer - - Global AuthenticationManager configured with AuthenticationProvider bean with name authenticationProvider
2025-06-20 10:30:49.994 [main] WARN  o.s.s.c.a.a.c.InitializeUserDetailsBeanManagerConfigurer$InitializeUserDetailsManagerConfigurer - - Global AuthenticationManager configured with an AuthenticationProvider bean. UserDetailsService beans will not be used by Spring Security for automatically configuring username/password login. Consider removing the AuthenticationProvider bean. Alternatively, consider using the UserDetailsService in a manually instantiated DaoAuthenticationProvider. If the current configuration is intentional, to turn off this warning, increase the logging level of 'org.springframework.security.config.annotation.authentication.configuration.InitializeUserDetailsBeanManagerConfigurer' to ERROR
2025-06-20 10:30:51.243 [main] INFO  com.orchid.orchidbe.App - - Started App in 5.487 seconds (process running for 6.87)
2025-06-20 10:30:52.127 [http-nio-8080-exec-1] INFO  o.s.web.servlet.DispatcherServlet - - Initializing Servlet 'dispatcherServlet'
2025-06-20 10:30:52.129 [http-nio-8080-exec-1] INFO  o.s.web.servlet.DispatcherServlet - - Completed initialization in 2 ms
2025-06-20 10:30:53.457 [http-nio-8080-exec-10] WARN  o.s.web.servlet.PageNotFound - - No mapping for GET /custom-swagger-ui/index.html
2025-06-20 10:30:53.461 [http-nio-8080-exec-10] WARN  o.s.web.servlet.PageNotFound - - No endpoint GET /custom-swagger-ui/index.html.
2025-06-20 10:32:49.734 [main] INFO  com.orchid.orchidbe.App - - Starting App using Java 21.0.6 with PID 17388 (C:\Users\Admin\Documents\fptu\FPTU\SBA301\orchidbe\target\classes started by Admin in C:\Users\Admin\Documents\fptu\FPTU\SBA301\orchidbe)
2025-06-20 10:32:49.737 [main] DEBUG com.orchid.orchidbe.App - - Running with Spring Boot v3.5.0, Spring v6.2.7
2025-06-20 10:32:49.738 [main] INFO  com.orchid.orchidbe.App - - The following 1 profile is active: "mongo"
2025-06-20 10:32:52.623 [main] WARN  o.s.data.convert.CustomConversions - - Registering converter from interface java.util.List to interface org.springframework.data.domain.Vector as reading converter although it doesn't convert from a store-supported type; You might want to check your annotation setup at the converter implementation
2025-06-20 10:32:52.741 [main] WARN  o.s.data.convert.CustomConversions - - Registering converter from interface java.util.List to interface org.springframework.data.domain.Vector as reading converter although it doesn't convert from a store-supported type; You might want to check your annotation setup at the converter implementation
2025-06-20 10:32:53.062 [main] DEBUG c.o.orchidbe.filters.JwtTokenFilter - - Filter 'jwtTokenFilter' configured for use
2025-06-20 10:32:53.299 [main] INFO  o.s.s.c.a.a.c.InitializeAuthenticationProviderBeanManagerConfigurer$InitializeAuthenticationProviderManagerConfigurer - - Global AuthenticationManager configured with AuthenticationProvider bean with name authenticationProvider
2025-06-20 10:32:53.300 [main] WARN  o.s.s.c.a.a.c.InitializeUserDetailsBeanManagerConfigurer$InitializeUserDetailsManagerConfigurer - - Global AuthenticationManager configured with an AuthenticationProvider bean. UserDetailsService beans will not be used by Spring Security for automatically configuring username/password login. Consider removing the AuthenticationProvider bean. Alternatively, consider using the UserDetailsService in a manually instantiated DaoAuthenticationProvider. If the current configuration is intentional, to turn off this warning, increase the logging level of 'org.springframework.security.config.annotation.authentication.configuration.InitializeUserDetailsBeanManagerConfigurer' to ERROR
2025-06-20 10:32:54.359 [main] INFO  com.orchid.orchidbe.App - - Started App in 5.251 seconds (process running for 6.328)
2025-06-20 10:32:55.142 [http-nio-8080-exec-1] INFO  o.s.web.servlet.DispatcherServlet - - Initializing Servlet 'dispatcherServlet'
2025-06-20 10:32:55.144 [http-nio-8080-exec-1] INFO  o.s.web.servlet.DispatcherServlet - - Completed initialization in 2 ms
2025-06-20 10:32:56.429 [http-nio-8080-exec-10] WARN  o.s.web.servlet.PageNotFound - - No mapping for GET /custom-swagger-ui/index.html
2025-06-20 10:32:56.433 [http-nio-8080-exec-10] WARN  o.s.web.servlet.PageNotFound - - No endpoint GET /custom-swagger-ui/index.html.
2025-06-20 10:33:12.655 [main] INFO  com.orchid.orchidbe.App - - Starting App using Java 21.0.6 with PID 5532 (C:\Users\Admin\Documents\fptu\FPTU\SBA301\orchidbe\target\classes started by Admin in C:\Users\Admin\Documents\fptu\FPTU\SBA301\orchidbe)
2025-06-20 10:33:12.657 [main] DEBUG com.orchid.orchidbe.App - - Running with Spring Boot v3.5.0, Spring v6.2.7
2025-06-20 10:33:12.658 [main] INFO  com.orchid.orchidbe.App - - The following 1 profile is active: "mongo"
2025-06-20 10:33:15.764 [main] WARN  o.s.data.convert.CustomConversions - - Registering converter from interface java.util.List to interface org.springframework.data.domain.Vector as reading converter although it doesn't convert from a store-supported type; You might want to check your annotation setup at the converter implementation
2025-06-20 10:33:15.903 [main] WARN  o.s.data.convert.CustomConversions - - Registering converter from interface java.util.List to interface org.springframework.data.domain.Vector as reading converter although it doesn't convert from a store-supported type; You might want to check your annotation setup at the converter implementation
2025-06-20 10:33:16.254 [main] DEBUG c.o.orchidbe.filters.JwtTokenFilter - - Filter 'jwtTokenFilter' configured for use
2025-06-20 10:33:16.523 [main] INFO  o.s.s.c.a.a.c.InitializeAuthenticationProviderBeanManagerConfigurer$InitializeAuthenticationProviderManagerConfigurer - - Global AuthenticationManager configured with AuthenticationProvider bean with name authenticationProvider
2025-06-20 10:33:16.524 [main] WARN  o.s.s.c.a.a.c.InitializeUserDetailsBeanManagerConfigurer$InitializeUserDetailsManagerConfigurer - - Global AuthenticationManager configured with an AuthenticationProvider bean. UserDetailsService beans will not be used by Spring Security for automatically configuring username/password login. Consider removing the AuthenticationProvider bean. Alternatively, consider using the UserDetailsService in a manually instantiated DaoAuthenticationProvider. If the current configuration is intentional, to turn off this warning, increase the logging level of 'org.springframework.security.config.annotation.authentication.configuration.InitializeUserDetailsBeanManagerConfigurer' to ERROR
2025-06-20 10:33:17.626 [main] INFO  com.orchid.orchidbe.App - - Started App in 5.748 seconds (process running for 6.968)
2025-06-20 10:33:18.540 [http-nio-8080-exec-1] INFO  o.s.web.servlet.DispatcherServlet - - Initializing Servlet 'dispatcherServlet'
2025-06-20 10:33:18.542 [http-nio-8080-exec-1] INFO  o.s.web.servlet.DispatcherServlet - - Completed initialization in 2 ms
2025-06-20 10:33:20.182 [http-nio-8080-exec-7] INFO  o.s.api.AbstractOpenApiResource - - Init duration for springdoc-openapi is: 512 ms
2025-06-20 10:33:49.664 [http-nio-8080-exec-2] INFO  c.o.o.controllers.AuthController - - Login body received: LoginReq[email=user@example.com, password=yourpassword]
2025-06-20 10:34:07.814 [http-nio-8080-exec-6] INFO  c.o.o.controllers.AuthController - - Login body received: LoginReq[email=mnhw.0612@gmail.com, password=string]
2025-06-20 10:34:08.296 [http-nio-8080-exec-6] INFO  c.o.o.controllers.AuthController - - User logged in successfully
2025-06-20 10:35:22.337 [main] INFO  com.orchid.orchidbe.App - - Starting App using Java 21.0.6 with PID 5132 (C:\Users\Admin\Documents\fptu\FPTU\SBA301\orchidbe\target\classes started by Admin in C:\Users\Admin\Documents\fptu\FPTU\SBA301\orchidbe)
2025-06-20 10:35:22.339 [main] DEBUG com.orchid.orchidbe.App - - Running with Spring Boot v3.5.0, Spring v6.2.7
2025-06-20 10:35:22.340 [main] INFO  com.orchid.orchidbe.App - - The following 1 profile is active: "mongo"
2025-06-20 10:35:25.333 [main] WARN  o.s.data.convert.CustomConversions - - Registering converter from interface java.util.List to interface org.springframework.data.domain.Vector as reading converter although it doesn't convert from a store-supported type; You might want to check your annotation setup at the converter implementation
2025-06-20 10:35:25.449 [main] WARN  o.s.data.convert.CustomConversions - - Registering converter from interface java.util.List to interface org.springframework.data.domain.Vector as reading converter although it doesn't convert from a store-supported type; You might want to check your annotation setup at the converter implementation
2025-06-20 10:35:25.750 [main] DEBUG c.o.orchidbe.filters.JwtTokenFilter - - Filter 'jwtTokenFilter' configured for use
2025-06-20 10:35:26.013 [main] INFO  o.s.s.c.a.a.c.InitializeAuthenticationProviderBeanManagerConfigurer$InitializeAuthenticationProviderManagerConfigurer - - Global AuthenticationManager configured with AuthenticationProvider bean with name authenticationProvider
2025-06-20 10:35:26.013 [main] WARN  o.s.s.c.a.a.c.InitializeUserDetailsBeanManagerConfigurer$InitializeUserDetailsManagerConfigurer - - Global AuthenticationManager configured with an AuthenticationProvider bean. UserDetailsService beans will not be used by Spring Security for automatically configuring username/password login. Consider removing the AuthenticationProvider bean. Alternatively, consider using the UserDetailsService in a manually instantiated DaoAuthenticationProvider. If the current configuration is intentional, to turn off this warning, increase the logging level of 'org.springframework.security.config.annotation.authentication.configuration.InitializeUserDetailsBeanManagerConfigurer' to ERROR
2025-06-20 10:35:27.116 [main] INFO  com.orchid.orchidbe.App - - Started App in 5.355 seconds (process running for 6.466)
2025-06-20 10:35:28.292 [http-nio-8080-exec-1] INFO  o.s.web.servlet.DispatcherServlet - - Initializing Servlet 'dispatcherServlet'
2025-06-20 10:35:28.294 [http-nio-8080-exec-1] INFO  o.s.web.servlet.DispatcherServlet - - Completed initialization in 2 ms
2025-06-20 10:35:30.204 [http-nio-8080-exec-10] INFO  o.s.api.AbstractOpenApiResource - - Init duration for springdoc-openapi is: 571 ms
2025-06-20 10:35:56.323 [http-nio-8080-exec-2] INFO  c.o.o.controllers.AuthController - - Login body received: LoginReq[email=mnhw.0612@gmail.com, password=string]
2025-06-20 10:35:57.057 [http-nio-8080-exec-2] INFO  c.o.o.controllers.AuthController - - User logged in successfully
2025-06-20 10:38:08.905 [http-nio-8080-exec-6] INFO  c.o.o.controllers.AuthController - - Login body received: LoginReq[email=mnhw.0612@gmail.com, password=string]
2025-06-20 10:38:09.426 [http-nio-8080-exec-6] INFO  c.o.o.controllers.AuthController - - User logged in successfully
2025-06-20 10:44:35.691 [main] INFO  com.orchid.orchidbe.App - - Starting App using Java 21.0.6 with PID 14368 (C:\Users\Admin\Documents\fptu\FPTU\SBA301\orchidbe\target\classes started by Admin in C:\Users\Admin\Documents\fptu\FPTU\SBA301\orchidbe)
2025-06-20 10:44:35.691 [main] DEBUG com.orchid.orchidbe.App - - Running with Spring Boot v3.5.0, Spring v6.2.7
2025-06-20 10:44:35.691 [main] INFO  com.orchid.orchidbe.App - - The following 1 profile is active: "mongo"
2025-06-20 10:44:38.798 [main] WARN  o.s.data.convert.CustomConversions - - Registering converter from interface java.util.List to interface org.springframework.data.domain.Vector as reading converter although it doesn't convert from a store-supported type; You might want to check your annotation setup at the converter implementation
2025-06-20 10:44:38.946 [main] WARN  o.s.data.convert.CustomConversions - - Registering converter from interface java.util.List to interface org.springframework.data.domain.Vector as reading converter although it doesn't convert from a store-supported type; You might want to check your annotation setup at the converter implementation
2025-06-20 10:44:39.386 [main] DEBUG c.o.orchidbe.filters.JwtTokenFilter - - Filter 'jwtTokenFilter' configured for use
2025-06-20 10:44:39.636 [main] INFO  o.s.s.c.a.a.c.InitializeAuthenticationProviderBeanManagerConfigurer$InitializeAuthenticationProviderManagerConfigurer - - Global AuthenticationManager configured with AuthenticationProvider bean with name authenticationProvider
2025-06-20 10:44:39.636 [main] WARN  o.s.s.c.a.a.c.InitializeUserDetailsBeanManagerConfigurer$InitializeUserDetailsManagerConfigurer - - Global AuthenticationManager configured with an AuthenticationProvider bean. UserDetailsService beans will not be used by Spring Security for automatically configuring username/password login. Consider removing the AuthenticationProvider bean. Alternatively, consider using the UserDetailsService in a manually instantiated DaoAuthenticationProvider. If the current configuration is intentional, to turn off this warning, increase the logging level of 'org.springframework.security.config.annotation.authentication.configuration.InitializeUserDetailsBeanManagerConfigurer' to ERROR
2025-06-20 10:44:40.941 [main] INFO  com.orchid.orchidbe.App - - Started App in 6.506 seconds (process running for 8.626)
2025-06-20 10:44:41.766 [http-nio-8080-exec-1] INFO  o.s.web.servlet.DispatcherServlet - - Initializing Servlet 'dispatcherServlet'
2025-06-20 10:44:41.782 [http-nio-8080-exec-1] INFO  o.s.web.servlet.DispatcherServlet - - Completed initialization in 16 ms
2025-06-20 10:44:43.508 [http-nio-8080-exec-10] INFO  o.s.api.AbstractOpenApiResource - - Init duration for springdoc-openapi is: 557 ms
2025-06-20 10:51:10.703 [main] INFO  com.orchid.orchidbe.App - - Starting App using Java 21.0.6 with PID 16228 (C:\Users\Admin\Documents\fptu\FPTU\SBA301\orchidbe\target\classes started by Admin in C:\Users\Admin\Documents\fptu\FPTU\SBA301\orchidbe)
2025-06-20 10:51:10.705 [main] DEBUG com.orchid.orchidbe.App - - Running with Spring Boot v3.5.0, Spring v6.2.7
2025-06-20 10:51:10.707 [main] INFO  com.orchid.orchidbe.App - - The following 1 profile is active: "mongo"
2025-06-20 10:51:13.805 [main] WARN  o.s.data.convert.CustomConversions - - Registering converter from interface java.util.List to interface org.springframework.data.domain.Vector as reading converter although it doesn't convert from a store-supported type; You might want to check your annotation setup at the converter implementation
2025-06-20 10:51:13.943 [main] WARN  o.s.data.convert.CustomConversions - - Registering converter from interface java.util.List to interface org.springframework.data.domain.Vector as reading converter although it doesn't convert from a store-supported type; You might want to check your annotation setup at the converter implementation
2025-06-20 10:51:14.776 [main] DEBUG c.o.orchidbe.filters.JwtTokenFilter - - Filter 'jwtTokenFilter' configured for use
2025-06-20 10:51:15.157 [main] INFO  o.s.s.c.a.a.c.InitializeAuthenticationProviderBeanManagerConfigurer$InitializeAuthenticationProviderManagerConfigurer - - Global AuthenticationManager configured with AuthenticationProvider bean with name authenticationProvider
2025-06-20 10:51:15.159 [main] WARN  o.s.s.c.a.a.c.InitializeUserDetailsBeanManagerConfigurer$InitializeUserDetailsManagerConfigurer - - Global AuthenticationManager configured with an AuthenticationProvider bean. UserDetailsService beans will not be used by Spring Security for automatically configuring username/password login. Consider removing the AuthenticationProvider bean. Alternatively, consider using the UserDetailsService in a manually instantiated DaoAuthenticationProvider. If the current configuration is intentional, to turn off this warning, increase the logging level of 'org.springframework.security.config.annotation.authentication.configuration.InitializeUserDetailsBeanManagerConfigurer' to ERROR
2025-06-20 10:51:16.356 [main] INFO  com.orchid.orchidbe.App - - Started App in 6.28 seconds (process running for 7.621)
2025-06-20 10:51:18.044 [http-nio-8080-exec-1] INFO  o.s.web.servlet.DispatcherServlet - - Initializing Servlet 'dispatcherServlet'
2025-06-20 10:51:18.045 [http-nio-8080-exec-1] INFO  o.s.web.servlet.DispatcherServlet - - Completed initialization in 1 ms
2025-06-20 10:51:19.913 [http-nio-8080-exec-10] INFO  o.s.api.AbstractOpenApiResource - - Init duration for springdoc-openapi is: 502 ms
2025-06-20 10:51:26.616 [http-nio-8080-exec-1] INFO  c.o.o.controllers.AuthController - - Login body received: LoginReq[email=mnhw.0612@gmail.com, password=string]
2025-06-20 10:51:27.328 [http-nio-8080-exec-1] INFO  c.o.o.controllers.AuthController - - User logged in successfully
2025-06-20 10:59:14.814 [main] INFO  com.orchid.orchidbe.App - - Starting App using Java 21.0.6 with PID 16508 (C:\Users\Admin\Documents\fptu\FPTU\SBA301\orchidbe\target\classes started by Admin in C:\Users\Admin\Documents\fptu\FPTU\SBA301\orchidbe)
2025-06-20 10:59:14.816 [main] DEBUG com.orchid.orchidbe.App - - Running with Spring Boot v3.5.0, Spring v6.2.7
2025-06-20 10:59:14.818 [main] INFO  com.orchid.orchidbe.App - - The following 1 profile is active: "mongo"
2025-06-20 10:59:17.946 [main] WARN  o.s.data.convert.CustomConversions - - Registering converter from interface java.util.List to interface org.springframework.data.domain.Vector as reading converter although it doesn't convert from a store-supported type; You might want to check your annotation setup at the converter implementation
2025-06-20 10:59:18.149 [main] WARN  o.s.data.convert.CustomConversions - - Registering converter from interface java.util.List to interface org.springframework.data.domain.Vector as reading converter although it doesn't convert from a store-supported type; You might want to check your annotation setup at the converter implementation
2025-06-20 10:59:18.507 [main] DEBUG c.o.orchidbe.filters.JwtTokenFilter - - Filter 'jwtTokenFilter' configured for use
2025-06-20 10:59:18.855 [main] INFO  o.s.s.c.a.a.c.InitializeAuthenticationProviderBeanManagerConfigurer$InitializeAuthenticationProviderManagerConfigurer - - Global AuthenticationManager configured with AuthenticationProvider bean with name authenticationProvider
2025-06-20 10:59:18.856 [main] WARN  o.s.s.c.a.a.c.InitializeUserDetailsBeanManagerConfigurer$InitializeUserDetailsManagerConfigurer - - Global AuthenticationManager configured with an AuthenticationProvider bean. UserDetailsService beans will not be used by Spring Security for automatically configuring username/password login. Consider removing the AuthenticationProvider bean. Alternatively, consider using the UserDetailsService in a manually instantiated DaoAuthenticationProvider. If the current configuration is intentional, to turn off this warning, increase the logging level of 'org.springframework.security.config.annotation.authentication.configuration.InitializeUserDetailsBeanManagerConfigurer' to ERROR
2025-06-20 10:59:20.765 [main] INFO  com.orchid.orchidbe.App - - Started App in 6.727 seconds (process running for 8.59)
2025-06-20 10:59:24.064 [http-nio-8080-exec-1] INFO  o.s.web.servlet.DispatcherServlet - - Initializing Servlet 'dispatcherServlet'
2025-06-20 10:59:24.066 [http-nio-8080-exec-1] INFO  o.s.web.servlet.DispatcherServlet - - Completed initialization in 2 ms
2025-06-20 10:59:27.064 [http-nio-8080-exec-10] INFO  o.s.api.AbstractOpenApiResource - - Init duration for springdoc-openapi is: 773 ms
2025-06-20 11:00:44.495 [http-nio-8080-exec-7] INFO  c.o.o.controllers.AuthController - - Login body received: LoginReq[email=mnhw.0612@gmail.com, password=string]
2025-06-20 11:00:56.410 [http-nio-8080-exec-7] INFO  c.o.o.controllers.AuthController - - User logged in successfully
2025-06-20 11:01:53.660 [main] INFO  com.orchid.orchidbe.App - - Starting App using Java 21.0.6 with PID 17836 (C:\Users\Admin\Documents\fptu\FPTU\SBA301\orchidbe\target\classes started by Admin in C:\Users\Admin\Documents\fptu\FPTU\SBA301\orchidbe)
2025-06-20 11:01:53.661 [main] DEBUG com.orchid.orchidbe.App - - Running with Spring Boot v3.5.0, Spring v6.2.7
2025-06-20 11:01:53.662 [main] INFO  com.orchid.orchidbe.App - - The following 1 profile is active: "mongo"
2025-06-20 11:01:56.295 [main] WARN  o.s.data.convert.CustomConversions - - Registering converter from interface java.util.List to interface org.springframework.data.domain.Vector as reading converter although it doesn't convert from a store-supported type; You might want to check your annotation setup at the converter implementation
2025-06-20 11:01:56.398 [main] WARN  o.s.data.convert.CustomConversions - - Registering converter from interface java.util.List to interface org.springframework.data.domain.Vector as reading converter although it doesn't convert from a store-supported type; You might want to check your annotation setup at the converter implementation
2025-06-20 11:01:56.703 [main] DEBUG c.o.orchidbe.filters.JwtTokenFilter - - Filter 'jwtTokenFilter' configured for use
2025-06-20 11:01:56.990 [main] INFO  o.s.s.c.a.a.c.InitializeAuthenticationProviderBeanManagerConfigurer$InitializeAuthenticationProviderManagerConfigurer - - Global AuthenticationManager configured with AuthenticationProvider bean with name authenticationProvider
2025-06-20 11:01:56.991 [main] WARN  o.s.s.c.a.a.c.InitializeUserDetailsBeanManagerConfigurer$InitializeUserDetailsManagerConfigurer - - Global AuthenticationManager configured with an AuthenticationProvider bean. UserDetailsService beans will not be used by Spring Security for automatically configuring username/password login. Consider removing the AuthenticationProvider bean. Alternatively, consider using the UserDetailsService in a manually instantiated DaoAuthenticationProvider. If the current configuration is intentional, to turn off this warning, increase the logging level of 'org.springframework.security.config.annotation.authentication.configuration.InitializeUserDetailsBeanManagerConfigurer' to ERROR
2025-06-20 11:01:58.358 [main] INFO  com.orchid.orchidbe.App - - Started App in 5.319 seconds (process running for 6.54)
2025-06-20 11:01:59.171 [http-nio-8080-exec-1] INFO  o.s.web.servlet.DispatcherServlet - - Initializing Servlet 'dispatcherServlet'
2025-06-20 11:01:59.173 [http-nio-8080-exec-1] INFO  o.s.web.servlet.DispatcherServlet - - Completed initialization in 2 ms
2025-06-20 11:02:01.290 [http-nio-8080-exec-10] INFO  o.s.api.AbstractOpenApiResource - - Init duration for springdoc-openapi is: 635 ms
2025-06-20 11:24:48.751 [main] INFO  com.orchid.orchidbe.App - - Starting App using Java 21.0.6 with PID 12876 (C:\Users\Admin\Documents\fptu\FPTU\SBA301\orchidbe\target\classes started by Admin in C:\Users\Admin\Documents\fptu\FPTU\SBA301\orchidbe)
2025-06-20 11:24:48.752 [main] DEBUG com.orchid.orchidbe.App - - Running with Spring Boot v3.5.0, Spring v6.2.7
2025-06-20 11:24:48.753 [main] INFO  com.orchid.orchidbe.App - - The following 1 profile is active: "mongo"
2025-06-20 11:24:51.379 [main] WARN  o.s.data.convert.CustomConversions - - Registering converter from interface java.util.List to interface org.springframework.data.domain.Vector as reading converter although it doesn't convert from a store-supported type; You might want to check your annotation setup at the converter implementation
2025-06-20 11:24:51.482 [main] WARN  o.s.data.convert.CustomConversions - - Registering converter from interface java.util.List to interface org.springframework.data.domain.Vector as reading converter although it doesn't convert from a store-supported type; You might want to check your annotation setup at the converter implementation
2025-06-20 11:24:51.786 [main] DEBUG c.o.orchidbe.filters.JwtTokenFilter - - Filter 'jwtTokenFilter' configured for use
2025-06-20 11:24:52.020 [main] INFO  o.s.s.c.a.a.c.InitializeAuthenticationProviderBeanManagerConfigurer$InitializeAuthenticationProviderManagerConfigurer - - Global AuthenticationManager configured with AuthenticationProvider bean with name authenticationProvider
2025-06-20 11:24:52.021 [main] WARN  o.s.s.c.a.a.c.InitializeUserDetailsBeanManagerConfigurer$InitializeUserDetailsManagerConfigurer - - Global AuthenticationManager configured with an AuthenticationProvider bean. UserDetailsService beans will not be used by Spring Security for automatically configuring username/password login. Consider removing the AuthenticationProvider bean. Alternatively, consider using the UserDetailsService in a manually instantiated DaoAuthenticationProvider. If the current configuration is intentional, to turn off this warning, increase the logging level of 'org.springframework.security.config.annotation.authentication.configuration.InitializeUserDetailsBeanManagerConfigurer' to ERROR
2025-06-20 11:24:53.066 [main] INFO  com.orchid.orchidbe.App - - Started App in 4.91 seconds (process running for 6.138)
2025-06-20 11:24:53.991 [http-nio-8080-exec-1] INFO  o.s.web.servlet.DispatcherServlet - - Initializing Servlet 'dispatcherServlet'
2025-06-20 11:24:53.993 [http-nio-8080-exec-1] INFO  o.s.web.servlet.DispatcherServlet - - Completed initialization in 2 ms
2025-06-20 11:24:56.785 [http-nio-8080-exec-3] INFO  o.s.api.AbstractOpenApiResource - - Init duration for springdoc-openapi is: 477 ms
2025-06-20 11:27:45.962 [main] INFO  com.orchid.orchidbe.App - - Starting App using Java 21.0.6 with PID 17192 (C:\Users\Admin\Documents\fptu\FPTU\SBA301\orchidbe\target\classes started by Admin in C:\Users\Admin\Documents\fptu\FPTU\SBA301\orchidbe)
2025-06-20 11:27:45.964 [main] DEBUG com.orchid.orchidbe.App - - Running with Spring Boot v3.5.0, Spring v6.2.7
2025-06-20 11:27:45.964 [main] INFO  com.orchid.orchidbe.App - - The following 1 profile is active: "mongo"
2025-06-20 11:27:48.469 [main] WARN  o.s.data.convert.CustomConversions - - Registering converter from interface java.util.List to interface org.springframework.data.domain.Vector as reading converter although it doesn't convert from a store-supported type; You might want to check your annotation setup at the converter implementation
2025-06-20 11:27:48.594 [main] WARN  o.s.data.convert.CustomConversions - - Registering converter from interface java.util.List to interface org.springframework.data.domain.Vector as reading converter although it doesn't convert from a store-supported type; You might want to check your annotation setup at the converter implementation
2025-06-20 11:27:48.887 [main] DEBUG c.o.orchidbe.filters.JwtTokenFilter - - Filter 'jwtTokenFilter' configured for use
2025-06-20 11:27:49.113 [main] INFO  o.s.s.c.a.a.c.InitializeAuthenticationProviderBeanManagerConfigurer$InitializeAuthenticationProviderManagerConfigurer - - Global AuthenticationManager configured with AuthenticationProvider bean with name authenticationProvider
2025-06-20 11:27:49.114 [main] WARN  o.s.s.c.a.a.c.InitializeUserDetailsBeanManagerConfigurer$InitializeUserDetailsManagerConfigurer - - Global AuthenticationManager configured with an AuthenticationProvider bean. UserDetailsService beans will not be used by Spring Security for automatically configuring username/password login. Consider removing the AuthenticationProvider bean. Alternatively, consider using the UserDetailsService in a manually instantiated DaoAuthenticationProvider. If the current configuration is intentional, to turn off this warning, increase the logging level of 'org.springframework.security.config.annotation.authentication.configuration.InitializeUserDetailsBeanManagerConfigurer' to ERROR
2025-06-20 11:27:50.186 [main] INFO  com.orchid.orchidbe.App - - Started App in 4.85 seconds (process running for 5.998)
2025-06-20 11:27:50.980 [http-nio-8080-exec-1] INFO  o.s.web.servlet.DispatcherServlet - - Initializing Servlet 'dispatcherServlet'
2025-06-20 11:27:50.982 [http-nio-8080-exec-1] INFO  o.s.web.servlet.DispatcherServlet - - Completed initialization in 1 ms
2025-06-20 11:27:52.771 [http-nio-8080-exec-8] INFO  o.s.api.AbstractOpenApiResource - - Init duration for springdoc-openapi is: 599 ms
2025-06-20 11:33:13.821 [main] INFO  com.orchid.orchidbe.App - - Starting App using Java 21.0.6 with PID 12116 (C:\Users\Admin\Documents\fptu\FPTU\SBA301\orchidbe\target\classes started by Admin in C:\Users\Admin\Documents\fptu\FPTU\SBA301\orchidbe)
2025-06-20 11:33:13.823 [main] DEBUG com.orchid.orchidbe.App - - Running with Spring Boot v3.5.0, Spring v6.2.7
2025-06-20 11:33:13.826 [main] INFO  com.orchid.orchidbe.App - - The following 1 profile is active: "mongo"
2025-06-20 11:33:18.840 [main] WARN  o.s.data.convert.CustomConversions - - Registering converter from interface java.util.List to interface org.springframework.data.domain.Vector as reading converter although it doesn't convert from a store-supported type; You might want to check your annotation setup at the converter implementation
2025-06-20 11:33:19.091 [main] WARN  o.s.data.convert.CustomConversions - - Registering converter from interface java.util.List to interface org.springframework.data.domain.Vector as reading converter although it doesn't convert from a store-supported type; You might want to check your annotation setup at the converter implementation
2025-06-20 11:33:19.812 [main] DEBUG c.o.orchidbe.filters.JwtTokenFilter - - Filter 'jwtTokenFilter' configured for use
2025-06-20 11:33:20.620 [main] INFO  o.s.s.c.a.a.c.InitializeAuthenticationProviderBeanManagerConfigurer$InitializeAuthenticationProviderManagerConfigurer - - Global AuthenticationManager configured with AuthenticationProvider bean with name authenticationProvider
2025-06-20 11:33:20.621 [main] WARN  o.s.s.c.a.a.c.InitializeUserDetailsBeanManagerConfigurer$InitializeUserDetailsManagerConfigurer - - Global AuthenticationManager configured with an AuthenticationProvider bean. UserDetailsService beans will not be used by Spring Security for automatically configuring username/password login. Consider removing the AuthenticationProvider bean. Alternatively, consider using the UserDetailsService in a manually instantiated DaoAuthenticationProvider. If the current configuration is intentional, to turn off this warning, increase the logging level of 'org.springframework.security.config.annotation.authentication.configuration.InitializeUserDetailsBeanManagerConfigurer' to ERROR
2025-06-20 11:33:22.747 [main] INFO  com.orchid.orchidbe.App - - Started App in 9.88 seconds (process running for 11.652)
2025-06-20 11:33:24.284 [http-nio-8080-exec-1] INFO  o.s.web.servlet.DispatcherServlet - - Initializing Servlet 'dispatcherServlet'
2025-06-20 11:33:24.288 [http-nio-8080-exec-1] INFO  o.s.web.servlet.DispatcherServlet - - Completed initialization in 4 ms
2025-06-20 11:33:26.396 [http-nio-8080-exec-10] INFO  o.s.api.AbstractOpenApiResource - - Init duration for springdoc-openapi is: 1095 ms
2025-06-20 11:33:53.505 [main] INFO  com.orchid.orchidbe.App - - Starting App using Java 21.0.6 with PID 3580 (C:\Users\Admin\Documents\fptu\FPTU\SBA301\orchidbe\target\classes started by Admin in C:\Users\Admin\Documents\fptu\FPTU\SBA301\orchidbe)
2025-06-20 11:33:53.506 [main] DEBUG com.orchid.orchidbe.App - - Running with Spring Boot v3.5.0, Spring v6.2.7
2025-06-20 11:33:53.508 [main] INFO  com.orchid.orchidbe.App - - The following 1 profile is active: "mongo"
2025-06-20 11:33:59.542 [main] WARN  o.s.data.convert.CustomConversions - - Registering converter from interface java.util.List to interface org.springframework.data.domain.Vector as reading converter although it doesn't convert from a store-supported type; You might want to check your annotation setup at the converter implementation
2025-06-20 11:33:59.780 [main] WARN  o.s.data.convert.CustomConversions - - Registering converter from interface java.util.List to interface org.springframework.data.domain.Vector as reading converter although it doesn't convert from a store-supported type; You might want to check your annotation setup at the converter implementation
2025-06-20 11:34:00.430 [main] DEBUG c.o.orchidbe.filters.JwtTokenFilter - - Filter 'jwtTokenFilter' configured for use
2025-06-20 11:34:01.225 [main] INFO  o.s.s.c.a.a.c.InitializeAuthenticationProviderBeanManagerConfigurer$InitializeAuthenticationProviderManagerConfigurer - - Global AuthenticationManager configured with AuthenticationProvider bean with name authenticationProvider
2025-06-20 11:34:01.228 [main] WARN  o.s.s.c.a.a.c.InitializeUserDetailsBeanManagerConfigurer$InitializeUserDetailsManagerConfigurer - - Global AuthenticationManager configured with an AuthenticationProvider bean. UserDetailsService beans will not be used by Spring Security for automatically configuring username/password login. Consider removing the AuthenticationProvider bean. Alternatively, consider using the UserDetailsService in a manually instantiated DaoAuthenticationProvider. If the current configuration is intentional, to turn off this warning, increase the logging level of 'org.springframework.security.config.annotation.authentication.configuration.InitializeUserDetailsBeanManagerConfigurer' to ERROR
2025-06-20 11:34:03.690 [main] INFO  com.orchid.orchidbe.App - - Started App in 11.163 seconds (process running for 12.776)
2025-06-20 11:34:05.416 [http-nio-8080-exec-1] INFO  o.s.web.servlet.DispatcherServlet - - Initializing Servlet 'dispatcherServlet'
2025-06-20 11:34:05.421 [http-nio-8080-exec-1] INFO  o.s.web.servlet.DispatcherServlet - - Completed initialization in 5 ms
2025-06-20 11:34:08.758 [http-nio-8080-exec-10] INFO  o.s.api.AbstractOpenApiResource - - Init duration for springdoc-openapi is: 1038 ms
